<?xml version="1.0" encoding="utf-8"?>
<TestRun id="9c4edee8-ceca-4a03-98eb-42bece9f3bef" name="@runnervm4c2pk 2026-01-10 05:42:06" xmlns="http://microsoft.com/schemas/VisualStudio/TeamTest/2010">
  <Times creation="2026-01-10T05:42:06.9541794+00:00" queuing="2026-01-10T05:42:06.9541795+00:00" start="2026-01-10T05:42:04.9273064+00:00" finish="2026-01-10T05:42:09.8095190+00:00" />
  <TestSettings name="default" id="d5d99161-d388-44c7-951b-7c8e80f8ef8b">
    <Deployment runDeploymentRoot="_runnervm4c2pk_2026-01-10_05_42_06" />
  </TestSettings>
  <Results>
    <UnitTestResult executionId="01fb9623-7759-4178-ae05-bd0476ee470b" testId="5abb8e89-1550-5788-8877-7b81d83404bf" testName="UnitTests.Services.Items.UpdateItemDtoValidatorTests.RequiresName(name: &quot;&quot;)" computerName="runnervm4c2pk" duration="00:00:00.0010000" startTime="2026-01-10T05:42:08.4336240+00:00" endTime="2026-01-10T05:42:08.4532620+00:00" testType="13cdc9d9-ddb5-4fa4-a97d-d965ccfc6d4b" outcome="Passed" testListId="8c84fa94-04c1-424b-9868-57a2d4851a1d" relativeResultsDirectory="01fb9623-7759-4178-ae05-bd0476ee470b" />
    <UnitTestResult executionId="00477588-aa7b-443f-b1f4-79556da962f5" testId="b75181a9-0ec4-2ff3-9e36-471de6d930df" testName="UnitTests.Data.Repositories.GenericRepositoryTests.GenericRepositoryConstructs" computerName="runnervm4c2pk" duration="00:00:00.0010000" startTime="2026-01-10T05:42:09.3162730+00:00" endTime="2026-01-10T05:42:09.3388230+00:00" testType="13cdc9d9-ddb5-4fa4-a97d-d965ccfc6d4b" outcome="Passed" testListId="8c84fa94-04c1-424b-9868-57a2d4851a1d" relativeResultsDirectory="00477588-aa7b-443f-b1f4-79556da962f5" />
    <UnitTestResult executionId="a13120d4-13e9-4288-b92c-debe338c446f" testId="051fc54f-7074-2910-0417-4c911d54f4b2" testName="UnitTests.Data.Repositories.GenericRepositoryTests.Pages_With_Related_Entities" computerName="runnervm4c2pk" duration="00:00:00.6000000" startTime="2026-01-10T05:42:09.3651270+00:00" endTime="2026-01-10T05:42:09.3869920+00:00" testType="13cdc9d9-ddb5-4fa4-a97d-d965ccfc6d4b" outcome="Passed" testListId="8c84fa94-04c1-424b-9868-57a2d4851a1d" relativeResultsDirectory="a13120d4-13e9-4288-b92c-debe338c446f" />
    <UnitTestResult executionId="50532981-be4f-4e32-a692-520da0fb6cef" testId="8965f0ee-055b-1404-4da2-abe68661a6cd" testName="UnitTests.Controllers.ItemControllerTests.UserCanEdit_ReturnsBool(canEdit: True)" computerName="runnervm4c2pk" duration="00:00:00.0010000" startTime="2026-01-10T05:42:08.0037890+00:00" endTime="2026-01-10T05:42:08.0250130+00:00" testType="13cdc9d9-ddb5-4fa4-a97d-d965ccfc6d4b" outcome="Passed" testListId="8c84fa94-04c1-424b-9868-57a2d4851a1d" relativeResultsDirectory="50532981-be4f-4e32-a692-520da0fb6cef" />
    <UnitTestResult executionId="7c47d199-7e1e-4bf7-88f1-4c9277177304" testId="fa8b1269-424e-d13f-7573-eac483855819" testName="UnitTests.Controllers.ItemControllerTests.DeleteItem_Deletes(itemId: 10)" computerName="runnervm4c2pk" duration="00:00:00.0110000" startTime="2026-01-10T05:42:07.6620430+00:00" endTime="2026-01-10T05:42:07.6890690+00:00" testType="13cdc9d9-ddb5-4fa4-a97d-d965ccfc6d4b" outcome="Passed" testListId="8c84fa94-04c1-424b-9868-57a2d4851a1d" relativeResultsDirectory="7c47d199-7e1e-4bf7-88f1-4c9277177304" />
    <UnitTestResult executionId="0b15fa56-1048-48bf-84b9-820cf713648b" testId="20272210-340c-8b95-1194-eff3787f3e46" testName="UnitTests.Data.Repositories.GenericRepositoryTests.GenericRepositoryGetsAll(iterations: 1)" computerName="runnervm4c2pk" duration="00:00:00.0170000" startTime="2026-01-10T05:42:08.7073960+00:00" endTime="2026-01-10T05:42:08.7285040+00:00" testType="13cdc9d9-ddb5-4fa4-a97d-d965ccfc6d4b" outcome="Passed" testListId="8c84fa94-04c1-424b-9868-57a2d4851a1d" relativeResultsDirectory="0b15fa56-1048-48bf-84b9-820cf713648b" />
    <UnitTestResult executionId="d8c385c8-8396-4898-b10b-3c78a14c3195" testId="38eae053-145d-f86c-9ed5-dae375692ec3" testName="UnitTests.Providers.DateTimeProviderTests.DateTimeProvider_ProvidesUtc" computerName="runnervm4c2pk" duration="00:00:00.0180000" startTime="2026-01-10T05:42:07.0103740+00:00" endTime="2026-01-10T05:42:07.0229190+00:00" testType="13cdc9d9-ddb5-4fa4-a97d-d965ccfc6d4b" outcome="Passed" testListId="8c84fa94-04c1-424b-9868-57a2d4851a1d" relativeResultsDirectory="d8c385c8-8396-4898-b10b-3c78a14c3195" />
    <UnitTestResult executionId="3f027af0-c629-42d0-8ef3-d5a849b5db68" testId="3b626e8b-142a-393c-5391-e3c388a41a28" testName="UnitTests.Services.Items.UpdateItemDtoValidatorTests.RequiresIdGreaterThanZero(id: -1)" computerName="runnervm4c2pk" duration="00:00:00.0010000" startTime="2026-01-10T05:42:08.3757740+00:00" endTime="2026-01-10T05:42:08.3953840+00:00" testType="13cdc9d9-ddb5-4fa4-a97d-d965ccfc6d4b" outcome="Passed" testListId="8c84fa94-04c1-424b-9868-57a2d4851a1d" relativeResultsDirectory="3f027af0-c629-42d0-8ef3-d5a849b5db68" />
    <UnitTestResult executionId="83725eb8-aac7-4a4c-a6e4-cee8028df0c4" testId="81cc43d9-8c80-da23-fbb4-6a3d2970824d" testName="UnitTests.Controllers.ServiceRouteMapperTests.RegisterRoutes_RegistersAtLestOneRoute" computerName="runnervm4c2pk" duration="00:00:00.2460000" startTime="2026-01-10T05:42:06.5817170+00:00" endTime="2026-01-10T05:42:07.1341250+00:00" testType="13cdc9d9-ddb5-4fa4-a97d-d965ccfc6d4b" outcome="Passed" testListId="8c84fa94-04c1-424b-9868-57a2d4851a1d" relativeResultsDirectory="83725eb8-aac7-4a4c-a6e4-cee8028df0c4" />
    <UnitTestResult executionId="47c59fa6-e4af-44e8-bd11-7705c4528db6" testId="d031b1ae-c025-163d-f616-e9ba53dfebad" testName="UnitTests.Controllers.ItemControllerTests.CreateItem_Creates" computerName="runnervm4c2pk" duration="00:00:00.0080000" startTime="2026-01-10T05:42:07.7797210+00:00" endTime="2026-01-10T05:42:07.7997700+00:00" testType="13cdc9d9-ddb5-4fa4-a97d-d965ccfc6d4b" outcome="Passed" testListId="8c84fa94-04c1-424b-9868-57a2d4851a1d" relativeResultsDirectory="47c59fa6-e4af-44e8-bd11-7705c4528db6" />
    <UnitTestResult executionId="39d36021-d59c-49d0-92cc-f35303f4badb" testId="b7610a9b-6030-af40-bb84-d88d1eb15547" testName="UnitTests.Providers.DateTimeProviderTests.DateTimeProvider_CanBeMocked" computerName="runnervm4c2pk" duration="00:00:00.0020000" startTime="2026-01-10T05:42:07.0539020+00:00" endTime="2026-01-10T05:42:07.0727460+00:00" testType="13cdc9d9-ddb5-4fa4-a97d-d965ccfc6d4b" outcome="Passed" testListId="8c84fa94-04c1-424b-9868-57a2d4851a1d" relativeResultsDirectory="39d36021-d59c-49d0-92cc-f35303f4badb" />
    <UnitTestResult executionId="3cdf3dd0-7646-4d1d-bc54-6c2724ee9b92" testId="0c7f8f8e-c0a3-2b29-c8d9-d587166b0547" testName="UnitTests.Services.Items.ItemServiceTests.CreateItem_ValidatesDto" computerName="runnervm4c2pk" duration="00:00:00.0010000" startTime="2026-01-10T05:42:07.8992170+00:00" endTime="2026-01-10T05:42:07.9195050+00:00" testType="13cdc9d9-ddb5-4fa4-a97d-d965ccfc6d4b" outcome="Passed" testListId="8c84fa94-04c1-424b-9868-57a2d4851a1d" relativeResultsDirectory="3cdf3dd0-7646-4d1d-bc54-6c2724ee9b92" />
    <UnitTestResult executionId="0cd1c4c1-edb0-4cff-9a65-3982eb9ffc15" testId="87b4ff81-51c2-93a0-390e-114c682b8959" testName="UnitTests.Services.Items.UpdateItemDtoValidatorTests.RequiresName(name: &quot; &quot;)" computerName="runnervm4c2pk" duration="00:00:00.0010000" startTime="2026-01-10T05:42:08.5277140+00:00" endTime="2026-01-10T05:42:08.5472430+00:00" testType="13cdc9d9-ddb5-4fa4-a97d-d965ccfc6d4b" outcome="Passed" testListId="8c84fa94-04c1-424b-9868-57a2d4851a1d" relativeResultsDirectory="0cd1c4c1-edb0-4cff-9a65-3982eb9ffc15" />
    <UnitTestResult executionId="8064d1a7-644b-4581-aefd-13aab7d1b73f" testId="bd3351a7-b43b-1510-2d3f-11bb62aa88d7" testName="UnitTests.Controllers.LocalizationControllerTests.GetLocalization_CallsLocalizationService" computerName="runnervm4c2pk" duration="00:00:00.1340000" startTime="2026-01-10T05:42:06.9445450+00:00" endTime="2026-01-10T05:42:06.9631260+00:00" testType="13cdc9d9-ddb5-4fa4-a97d-d965ccfc6d4b" outcome="Passed" testListId="8c84fa94-04c1-424b-9868-57a2d4851a1d" relativeResultsDirectory="8064d1a7-644b-4581-aefd-13aab7d1b73f" />
    <UnitTestResult executionId="b3cdb205-3ca0-4293-a935-ef4cbcbdc07c" testId="c89a5558-29d6-7160-12eb-04b76041b792" testName="UnitTests.Data.Repositories.GenericRepositoryTests.Repository_Update_UsesUserId" computerName="runnervm4c2pk" duration="00:00:00.0140000" startTime="2026-01-10T05:42:09.4550610+00:00" endTime="2026-01-10T05:42:09.4743580+00:00" testType="13cdc9d9-ddb5-4fa4-a97d-d965ccfc6d4b" outcome="Passed" testListId="8c84fa94-04c1-424b-9868-57a2d4851a1d" relativeResultsDirectory="b3cdb205-3ca0-4293-a935-ef4cbcbdc07c" />
    <UnitTestResult executionId="93960de9-cc19-43e1-8f09-8d95e18f72c8" testId="74347e3e-a1d8-1a9b-e232-94cd87fba9da" testName="UnitTests.Data.Repositories.GenericRepositoryTests.GetPage_Pages(page: 1, pageSize: 10, expectedItems: 10, expectedPages: 5)" computerName="runnervm4c2pk" duration="00:00:00.0710000" startTime="2026-01-10T05:42:08.9485860+00:00" endTime="2026-01-10T05:42:08.9720390+00:00" testType="13cdc9d9-ddb5-4fa4-a97d-d965ccfc6d4b" outcome="Passed" testListId="8c84fa94-04c1-424b-9868-57a2d4851a1d" relativeResultsDirectory="93960de9-cc19-43e1-8f09-8d95e18f72c8" />
    <UnitTestResult executionId="f84edd10-8b27-4bf7-a913-16a7b3caf044" testId="4cdf9f31-7ede-faa6-6ff2-ef333e7d2891" testName="UnitTests.Data.Entities.ItemTests.ItemPropertiesPersist(id: 1, name: &quot;Name1&quot;, description: &quot;Description1&quot;)" computerName="runnervm4c2pk" duration="00:00:00.0010000" startTime="2026-01-10T05:42:07.2998570+00:00" endTime="2026-01-10T05:42:07.3219150+00:00" testType="13cdc9d9-ddb5-4fa4-a97d-d965ccfc6d4b" outcome="Passed" testListId="8c84fa94-04c1-424b-9868-57a2d4851a1d" relativeResultsDirectory="f84edd10-8b27-4bf7-a913-16a7b3caf044" />
    <UnitTestResult executionId="9a1ce3c1-35aa-4baf-8e5f-cef1c2bc7164" testId="527c432f-7b9f-89a4-0fdf-51a0955d2f53" testName="UnitTests.Data.Repositories.GenericRepositoryTests.GetPage_Pages(page: 3, pageSize: 20, expectedItems: 10, expectedPages: 3)" computerName="runnervm4c2pk" duration="00:00:00.0720000" startTime="2026-01-10T05:42:08.9923270+00:00" endTime="2026-01-10T05:42:09.0132400+00:00" testType="13cdc9d9-ddb5-4fa4-a97d-d965ccfc6d4b" outcome="Passed" testListId="8c84fa94-04c1-424b-9868-57a2d4851a1d" relativeResultsDirectory="9a1ce3c1-35aa-4baf-8e5f-cef1c2bc7164" />
    <UnitTestResult executionId="3c23db35-5e56-41b6-876f-1bfe0baaa893" testId="40d614e6-7e9b-4f95-0203-a116ba8d096e" testName="UnitTests.Services.Items.ItemServiceTests.UpdateItem_Updates" computerName="runnervm4c2pk" duration="00:00:00.0090000" startTime="2026-01-10T05:42:07.9589410+00:00" endTime="2026-01-10T05:42:08.1597840+00:00" testType="13cdc9d9-ddb5-4fa4-a97d-d965ccfc6d4b" outcome="Passed" testListId="8c84fa94-04c1-424b-9868-57a2d4851a1d" relativeResultsDirectory="3c23db35-5e56-41b6-876f-1bfe0baaa893" />
    <UnitTestResult executionId="47d97923-c9b6-4a81-9ded-7ccb3e44a281" testId="ceeab19c-71f0-e90d-77bc-1c6fd0f8b27b" testName="UnitTests.Services.Items.ItemServiceTests.DeleteItem_Deletes" computerName="runnervm4c2pk" duration="00:00:00.0040000" startTime="2026-01-10T05:42:08.2324600+00:00" endTime="2026-01-10T05:42:08.2510430+00:00" testType="13cdc9d9-ddb5-4fa4-a97d-d965ccfc6d4b" outcome="Passed" testListId="8c84fa94-04c1-424b-9868-57a2d4851a1d" relativeResultsDirectory="47d97923-c9b6-4a81-9ded-7ccb3e44a281" />
    <UnitTestResult executionId="d8459670-f9b7-4533-981c-f73c6139b905" testId="5c304853-2900-2d00-f979-1d471ea6280b" testName="UnitTests.Services.Items.UpdateItemDtoValidatorTests.RequiresIdGreaterThanZero(id: 0)" computerName="runnervm4c2pk" duration="00:00:00.0250000" startTime="2026-01-10T05:42:08.3279770+00:00" endTime="2026-01-10T05:42:08.3468950+00:00" testType="13cdc9d9-ddb5-4fa4-a97d-d965ccfc6d4b" outcome="Passed" testListId="8c84fa94-04c1-424b-9868-57a2d4851a1d" relativeResultsDirectory="d8459670-f9b7-4533-981c-f73c6139b905" />
    <UnitTestResult executionId="4a8b451a-1e7a-4aa3-98b0-4dbc50ca8fca" testId="9836b323-2c87-fb96-c166-3e83946077c2" testName="UnitTests.Data.Repositories.GenericRepositoryTests.GenericRepositoryUpdate_ThrowsWithNullEntity" computerName="runnervm4c2pk" duration="00:00:00.0010000" startTime="2026-01-10T05:42:09.4973700+00:00" endTime="2026-01-10T05:42:09.5166080+00:00" testType="13cdc9d9-ddb5-4fa4-a97d-d965ccfc6d4b" outcome="Passed" testListId="8c84fa94-04c1-424b-9868-57a2d4851a1d" relativeResultsDirectory="4a8b451a-1e7a-4aa3-98b0-4dbc50ca8fca" />
    <UnitTestResult executionId="714c50bf-9364-4d88-9b7e-5fc59609835b" testId="2d6f5baf-662f-deaa-c19f-725a428dae0e" testName="UnitTests.Common.Extensions.IQueryableExtensionsTests.Order_OrdersBothWays(descending: False, expected: [1, 2, 3])" computerName="runnervm4c2pk" duration="00:00:00.0010000" startTime="2026-01-10T05:42:07.4667230+00:00" endTime="2026-01-10T05:42:07.4813410+00:00" testType="13cdc9d9-ddb5-4fa4-a97d-d965ccfc6d4b" outcome="Passed" testListId="8c84fa94-04c1-424b-9868-57a2d4851a1d" relativeResultsDirectory="714c50bf-9364-4d88-9b7e-5fc59609835b" />
    <UnitTestResult executionId="29f5eefb-ad83-4858-8c99-682aef959e68" testId="2b9eeefb-40f0-28cc-b56f-d5142407c019" testName="UnitTests.Services.Items.CreateItemDtoValidatorTests.RequiresName(name: null)" computerName="runnervm4c2pk" duration="00:00:00.0470000" startTime="2026-01-10T05:42:07.4292520+00:00" endTime="2026-01-10T05:42:07.5243830+00:00" testType="13cdc9d9-ddb5-4fa4-a97d-d965ccfc6d4b" outcome="Passed" testListId="8c84fa94-04c1-424b-9868-57a2d4851a1d" relativeResultsDirectory="29f5eefb-ad83-4858-8c99-682aef959e68" />
    <UnitTestResult executionId="4f8e7cca-1519-4e5f-83d0-e925ccb53a45" testId="214564bd-ea08-a328-310a-6f9c8571a9e3" testName="UnitTests.Controllers.ItemControllerTests.DeleteItem_Deletes(itemId: 1)" computerName="runnervm4c2pk" duration="00:00:00.0010000" startTime="2026-01-10T05:42:07.7189930+00:00" endTime="2026-01-10T05:42:07.7385670+00:00" testType="13cdc9d9-ddb5-4fa4-a97d-d965ccfc6d4b" outcome="Passed" testListId="8c84fa94-04c1-424b-9868-57a2d4851a1d" relativeResultsDirectory="4f8e7cca-1519-4e5f-83d0-e925ccb53a45" />
    <UnitTestResult executionId="2fa3c449-56ba-43f2-b541-b117f3eaa7ef" testId="fa343bff-97c2-1efc-efd2-918bb0a79a3b" testName="UnitTests.Data.Repositories.GenericRepositoryTests.GenericRepositoryGet" computerName="runnervm4c2pk" duration="00:00:00.0230000" startTime="2026-01-10T05:42:09.0394620+00:00" endTime="2026-01-10T05:42:09.0641030+00:00" testType="13cdc9d9-ddb5-4fa4-a97d-d965ccfc6d4b" outcome="Passed" testListId="8c84fa94-04c1-424b-9868-57a2d4851a1d" relativeResultsDirectory="2fa3c449-56ba-43f2-b541-b117f3eaa7ef" />
    <UnitTestResult executionId="4eab596a-5a3b-4504-ab1f-756ca9d3f88c" testId="59704e7b-f8f7-ace3-2612-2279b1ecd6cb" testName="UnitTests.Data.Repositories.GenericRepositoryTests.Repository_DeleteMissing_DoesNotThrow" computerName="runnervm4c2pk" duration="00:00:00.0450000" startTime="2026-01-10T05:42:09.2528100+00:00" endTime="2026-01-10T05:42:09.2819810+00:00" testType="13cdc9d9-ddb5-4fa4-a97d-d965ccfc6d4b" outcome="Passed" testListId="8c84fa94-04c1-424b-9868-57a2d4851a1d" relativeResultsDirectory="4eab596a-5a3b-4504-ab1f-756ca9d3f88c" />
    <UnitTestResult executionId="8d7ef8a1-c7fc-4838-8bc7-3ea9a20d7274" testId="32043394-70a0-5941-8429-df4a4a35fb7f" testName="UnitTests.Common.Extensions.IQueryableExtensionsTests.Order_OrdersBothWays(descending: True, expected: [3, 2, 1])" computerName="runnervm4c2pk" duration="00:00:00.0400000" startTime="2026-01-10T05:42:07.1811610+00:00" endTime="2026-01-10T05:42:07.4467870+00:00" testType="13cdc9d9-ddb5-4fa4-a97d-d965ccfc6d4b" outcome="Passed" testListId="8c84fa94-04c1-424b-9868-57a2d4851a1d" relativeResultsDirectory="8d7ef8a1-c7fc-4838-8bc7-3ea9a20d7274" />
    <UnitTestResult executionId="547256f8-05d9-4684-b611-a1d6489b0ca2" testId="d0b9e575-496b-d196-31e5-7e4d85411a18" testName="UnitTests.Data.Entities.ItemTests.ItemConstructsProperly" computerName="runnervm4c2pk" duration="00:00:00.0010000" startTime="2026-01-10T05:42:07.3694370+00:00" endTime="2026-01-10T05:42:07.3856910+00:00" testType="13cdc9d9-ddb5-4fa4-a97d-d965ccfc6d4b" outcome="Passed" testListId="8c84fa94-04c1-424b-9868-57a2d4851a1d" relativeResultsDirectory="547256f8-05d9-4684-b611-a1d6489b0ca2" />
    <UnitTestResult executionId="bcabac9f-f292-4eeb-9b48-79387078f4d4" testId="7d8112bd-f2c4-bfd9-ece4-ecb8a2c232fb" testName="UnitTests.Controllers.ItemControllerTests.GetItemsPage_GetsProperPages" computerName="runnervm4c2pk" duration="00:00:00.0040000" startTime="2026-01-10T05:42:08.0623180+00:00" endTime="2026-01-10T05:42:08.0792080+00:00" testType="13cdc9d9-ddb5-4fa4-a97d-d965ccfc6d4b" outcome="Passed" testListId="8c84fa94-04c1-424b-9868-57a2d4851a1d" relativeResultsDirectory="bcabac9f-f292-4eeb-9b48-79387078f4d4" />
    <UnitTestResult executionId="20eae23b-3a81-4e77-9259-0caeabb1c0a0" testId="e334ac2e-a91d-9592-9a14-6e6af425e889" testName="UnitTests.Data.Repositories.GenericRepositoryTests.GenericRepositoryGetsAll(iterations: 2)" computerName="runnervm4c2pk" duration="00:00:01.5380000" startTime="2026-01-10T05:42:06.5905510+00:00" endTime="2026-01-10T05:42:08.6381110+00:00" testType="13cdc9d9-ddb5-4fa4-a97d-d965ccfc6d4b" outcome="Passed" testListId="8c84fa94-04c1-424b-9868-57a2d4851a1d" relativeResultsDirectory="20eae23b-3a81-4e77-9259-0caeabb1c0a0" />
    <UnitTestResult executionId="eebcf627-19a9-4c62-a11c-a2bd924633e1" testId="082ec871-5a59-802f-3256-844756fbe9b1" testName="UnitTests.Data.Repositories.GenericRepositoryTests.GetPage_Pages(page: 0, pageSize: 0, expectedItems: 1, expectedPages: 50)" computerName="runnervm4c2pk" duration="00:00:00.2720000" startTime="2026-01-10T05:42:08.9008740+00:00" endTime="2026-01-10T05:42:08.9285260+00:00" testType="13cdc9d9-ddb5-4fa4-a97d-d965ccfc6d4b" outcome="Passed" testListId="8c84fa94-04c1-424b-9868-57a2d4851a1d" relativeResultsDirectory="eebcf627-19a9-4c62-a11c-a2bd924633e1" />
    <UnitTestResult executionId="0d9b84bd-0292-4da0-8244-827e2382bf70" testId="110cc41d-29a2-9279-99dc-f27a2281aada" testName="UnitTests.StartupTests.Startup_RegistersAllRequiredServices" computerName="runnervm4c2pk" duration="00:00:00.0120000" startTime="2026-01-10T05:42:07.1155260+00:00" endTime="2026-01-10T05:42:07.1977890+00:00" testType="13cdc9d9-ddb5-4fa4-a97d-d965ccfc6d4b" outcome="Passed" testListId="8c84fa94-04c1-424b-9868-57a2d4851a1d" relativeResultsDirectory="0d9b84bd-0292-4da0-8244-827e2382bf70" />
    <UnitTestResult executionId="fe1a5044-7716-45a3-a050-8347c7087459" testId="c08d3024-24a3-dfd7-35fb-0af4da1be41c" testName="UnitTests.Services.Items.ItemServiceTests.CreateItem_Creates" computerName="runnervm4c2pk" duration="00:00:00.0300000" startTime="2026-01-10T05:42:07.5145940+00:00" endTime="2026-01-10T05:42:07.8594790+00:00" testType="13cdc9d9-ddb5-4fa4-a97d-d965ccfc6d4b" outcome="Passed" testListId="8c84fa94-04c1-424b-9868-57a2d4851a1d" relativeResultsDirectory="fe1a5044-7716-45a3-a050-8347c7087459" />
    <UnitTestResult executionId="9fac397a-47c4-42a9-92e5-84103a0e1f3d" testId="03af56e2-e8a0-255f-2502-d04084f84c6d" testName="UnitTests.Services.Items.CreateItemDtoValidatorTests.RequiresName(name: &quot; &quot;)" computerName="runnervm4c2pk" duration="00:00:00.0010000" startTime="2026-01-10T05:42:07.5843050+00:00" endTime="2026-01-10T05:42:07.6050950+00:00" testType="13cdc9d9-ddb5-4fa4-a97d-d965ccfc6d4b" outcome="Passed" testListId="8c84fa94-04c1-424b-9868-57a2d4851a1d" relativeResultsDirectory="9fac397a-47c4-42a9-92e5-84103a0e1f3d" />
    <UnitTestResult executionId="b21a17b6-873b-4319-ae55-2f720e35dcfe" testId="d527f5d7-05c2-a5da-93c5-f2bb4391f844" testName="UnitTests.Data.Repositories.GenericRepositoryTests.GenericRepositoryCreatesAndGetsById" computerName="runnervm4c2pk" duration="00:00:00.0620000" startTime="2026-01-10T05:42:09.5840650+00:00" endTime="2026-01-10T05:42:09.6035250+00:00" testType="13cdc9d9-ddb5-4fa4-a97d-d965ccfc6d4b" outcome="Passed" testListId="8c84fa94-04c1-424b-9868-57a2d4851a1d" relativeResultsDirectory="b21a17b6-873b-4319-ae55-2f720e35dcfe" />
    <UnitTestResult executionId="498d2825-d1f8-4895-8c94-b9ee8bc3f18c" testId="c38d13c8-0943-0152-9d1f-27d7829b57da" testName="UnitTests.Data.Repositories.GenericRepositoryTests.GenericRepositoryCreate_ThrowsWithNullEntity" computerName="runnervm4c2pk" duration="00:00:00.0040000" startTime="2026-01-10T05:42:09.1006980+00:00" endTime="2026-01-10T05:42:09.1311540+00:00" testType="13cdc9d9-ddb5-4fa4-a97d-d965ccfc6d4b" outcome="Passed" testListId="8c84fa94-04c1-424b-9868-57a2d4851a1d" relativeResultsDirectory="498d2825-d1f8-4895-8c94-b9ee8bc3f18c" />
    <UnitTestResult executionId="7589107f-296e-49d9-acb4-a87591aba09f" testId="a59558fc-da57-70d4-d51b-006c46a3cd4f" testName="UnitTests.Data.Repositories.GenericRepositoryTests.GenericRepositoryUpdates" computerName="runnervm4c2pk" duration="00:00:00.0240000" startTime="2026-01-10T05:42:09.1696660+00:00" endTime="2026-01-10T05:42:09.2051750+00:00" testType="13cdc9d9-ddb5-4fa4-a97d-d965ccfc6d4b" outcome="Passed" testListId="8c84fa94-04c1-424b-9868-57a2d4851a1d" relativeResultsDirectory="7589107f-296e-49d9-acb4-a87591aba09f" />
    <UnitTestResult executionId="dc0ede56-c9fc-44a0-ab03-c99a9edeb0bc" testId="53f95eb7-2fb5-a3ce-2c24-38ae34e88303" testName="UnitTests.Controllers.ModuleApiControllerTests.HasUserInfo" computerName="runnervm4c2pk" duration="00:00:00.0380000" startTime="2026-01-10T05:42:06.7769820+00:00" endTime="2026-01-10T05:42:06.8020290+00:00" testType="13cdc9d9-ddb5-4fa4-a97d-d965ccfc6d4b" outcome="Passed" testListId="8c84fa94-04c1-424b-9868-57a2d4851a1d" relativeResultsDirectory="dc0ede56-c9fc-44a0-ab03-c99a9edeb0bc" />
    <UnitTestResult executionId="9b9531fb-22c0-4d7a-8af0-5dff8cffc052" testId="4174a4fc-f050-0a80-62f5-57efd360262b" testName="UnitTests.Common.GlobalsTests.ModulePrefixIsValid" computerName="runnervm4c2pk" duration="00:00:00.0100000" startTime="2026-01-10T05:42:06.5987110+00:00" endTime="2026-01-10T05:42:06.6410290+00:00" testType="13cdc9d9-ddb5-4fa4-a97d-d965ccfc6d4b" outcome="Passed" testListId="8c84fa94-04c1-424b-9868-57a2d4851a1d" relativeResultsDirectory="9b9531fb-22c0-4d7a-8af0-5dff8cffc052" />
    <UnitTestResult executionId="0120168e-843d-4e0a-a5c0-65e06a378017" testId="ae436c36-f02d-230f-1c4c-60b211d751da" testName="UnitTests.Services.Items.ItemServiceTests.UpdateItem_ValidatesDto" computerName="runnervm4c2pk" duration="00:00:00.0030000" startTime="2026-01-10T05:42:08.1902210+00:00" endTime="2026-01-10T05:42:08.2047430+00:00" testType="13cdc9d9-ddb5-4fa4-a97d-d965ccfc6d4b" outcome="Passed" testListId="8c84fa94-04c1-424b-9868-57a2d4851a1d" relativeResultsDirectory="0120168e-843d-4e0a-a5c0-65e06a378017" />
    <UnitTestResult executionId="3ac8b66f-2dcf-47e5-a5ca-08356a9a5c0e" testId="be57a587-ebca-72fa-2f95-7f5a530521d1" testName="UnitTests.Controllers.ItemControllerTests.UserCanEdit_ReturnsBool(canEdit: False)" computerName="runnervm4c2pk" duration="00:00:00.0050000" startTime="2026-01-10T05:42:07.8400010+00:00" endTime="2026-01-10T05:42:07.9749520+00:00" testType="13cdc9d9-ddb5-4fa4-a97d-d965ccfc6d4b" outcome="Passed" testListId="8c84fa94-04c1-424b-9868-57a2d4851a1d" relativeResultsDirectory="3ac8b66f-2dcf-47e5-a5ca-08356a9a5c0e" />
    <UnitTestResult executionId="12955c29-5bdc-47a9-b70c-c56ae80240d4" testId="b2fa0e24-81e1-9083-2786-28263d3bbbcb" testName="UnitTests.Controllers.ModuleApiControllerTests.CanEdit_DefaultsToFalse" computerName="runnervm4c2pk" duration="00:00:00.0100000" startTime="2026-01-10T05:42:06.8455700+00:00" endTime="2026-01-10T05:42:06.8658720+00:00" testType="13cdc9d9-ddb5-4fa4-a97d-d965ccfc6d4b" outcome="Passed" testListId="8c84fa94-04c1-424b-9868-57a2d4851a1d" relativeResultsDirectory="12955c29-5bdc-47a9-b70c-c56ae80240d4" />
    <UnitTestResult executionId="a8185fd8-08ff-45e5-ad43-dff11ff5c4da" testId="dee71b95-4301-2055-80fa-558f55d588b8" testName="UnitTests.Data.Repositories.GenericRepositoryTests.GenericRepositoryGetsAll(iterations: 3)" computerName="runnervm4c2pk" duration="00:00:00.0190000" startTime="2026-01-10T05:42:08.7479150+00:00" endTime="2026-01-10T05:42:08.7688240+00:00" testType="13cdc9d9-ddb5-4fa4-a97d-d965ccfc6d4b" outcome="Passed" testListId="8c84fa94-04c1-424b-9868-57a2d4851a1d" relativeResultsDirectory="a8185fd8-08ff-45e5-ad43-dff11ff5c4da" />
    <UnitTestResult executionId="3e6108ca-88bf-42d6-8ffd-a20408c5a185" testId="a186e957-56e4-65e4-f837-8d9c700b6a34" testName="UnitTests.Services.Items.ItemServiceTests.GetItemsPage_GetsPages(descending: False)" computerName="runnervm4c2pk" duration="00:00:00.0110000" startTime="2026-01-10T05:42:08.2797520+00:00" endTime="2026-01-10T05:42:08.2918470+00:00" testType="13cdc9d9-ddb5-4fa4-a97d-d965ccfc6d4b" outcome="Passed" testListId="8c84fa94-04c1-424b-9868-57a2d4851a1d" relativeResultsDirectory="3e6108ca-88bf-42d6-8ffd-a20408c5a185" />
    <UnitTestResult executionId="5c613599-7f84-4799-84d2-33956622fff6" testId="3f6312dc-2331-e755-d68a-8de3088e798d" testName="UnitTests.Data.Repositories.GenericRepositoryTests.Repository_Update_DefaultAudit" computerName="runnervm4c2pk" duration="00:00:00.0170000" startTime="2026-01-10T05:42:09.4126140+00:00" endTime="2026-01-10T05:42:09.4318990+00:00" testType="13cdc9d9-ddb5-4fa4-a97d-d965ccfc6d4b" outcome="Passed" testListId="8c84fa94-04c1-424b-9868-57a2d4851a1d" relativeResultsDirectory="5c613599-7f84-4799-84d2-33956622fff6" />
    <UnitTestResult executionId="85d8e682-eda1-4a10-8dbd-434b60d67ebc" testId="d7aeee62-ca8d-2ca5-79b2-258e190e2d14" testName="UnitTests.Data.Repositories.GenericRepositoryTests.Repository_Create_DefaultAudit" computerName="runnervm4c2pk" duration="00:00:00.0090000" startTime="2026-01-10T05:42:09.5399470+00:00" endTime="2026-01-10T05:42:09.5592030+00:00" testType="13cdc9d9-ddb5-4fa4-a97d-d965ccfc6d4b" outcome="Passed" testListId="8c84fa94-04c1-424b-9868-57a2d4851a1d" relativeResultsDirectory="85d8e682-eda1-4a10-8dbd-434b60d67ebc" />
    <UnitTestResult executionId="e73a0fb0-dcb9-4e2e-8f51-75b9fd4ee774" testId="36c68f6a-618c-9531-3e2e-cd6a7051a0a0" testName="UnitTests.Services.Items.UpdateItemDtoValidatorTests.RequiresName(name: null)" computerName="runnervm4c2pk" duration="00:00:00.0010000" startTime="2026-01-10T05:42:08.4817800+00:00" endTime="2026-01-10T05:42:08.5008430+00:00" testType="13cdc9d9-ddb5-4fa4-a97d-d965ccfc6d4b" outcome="Passed" testListId="8c84fa94-04c1-424b-9868-57a2d4851a1d" relativeResultsDirectory="e73a0fb0-dcb9-4e2e-8f51-75b9fd4ee774" />
    <UnitTestResult executionId="e6f73475-3b86-4563-b070-5628c4c106ec" testId="b51c1be1-87ad-aecb-5eb0-76972efdcc49" testName="UnitTests.Services.Items.CreateItemDtoValidatorTests.RequiresName(name: &quot;&quot;)" computerName="runnervm4c2pk" duration="00:00:00.0010000" startTime="2026-01-10T05:42:07.5449560+00:00" endTime="2026-01-10T05:42:07.5580000+00:00" testType="13cdc9d9-ddb5-4fa4-a97d-d965ccfc6d4b" outcome="Passed" testListId="8c84fa94-04c1-424b-9868-57a2d4851a1d" relativeResultsDirectory="e6f73475-3b86-4563-b070-5628c4c106ec" />
    <UnitTestResult executionId="859c60a8-7408-48af-a5e3-fcad0b42e734" testId="60e43152-7193-1c31-7a7d-2c2ca162fc43" testName="UnitTests.Data.Repositories.GenericRepositoryTests.GenericRepositoryGetsAll(iterations: 0)" computerName="runnervm4c2pk" duration="00:00:00.0150000" startTime="2026-01-10T05:42:08.6620810+00:00" endTime="2026-01-10T05:42:08.6847170+00:00" testType="13cdc9d9-ddb5-4fa4-a97d-d965ccfc6d4b" outcome="Passed" testListId="8c84fa94-04c1-424b-9868-57a2d4851a1d" relativeResultsDirectory="859c60a8-7408-48af-a5e3-fcad0b42e734" />
    <UnitTestResult executionId="480fd9a2-3f9b-4d56-97ec-3ca1bdfee567" testId="f7bc6bd9-0c55-06bc-3749-64e5f6cece81" testName="UnitTests.Controllers.ModuleApiControllerTests.CanEdit_Set_Throws" computerName="runnervm4c2pk" duration="00:00:00.0020000" startTime="2026-01-10T05:42:06.7162550+00:00" endTime="2026-01-10T05:42:06.7366520+00:00" testType="13cdc9d9-ddb5-4fa4-a97d-d965ccfc6d4b" outcome="Passed" testListId="8c84fa94-04c1-424b-9868-57a2d4851a1d" relativeResultsDirectory="480fd9a2-3f9b-4d56-97ec-3ca1bdfee567" />
    <UnitTestResult executionId="2892278c-f9a6-4cbc-8c15-46e039e394b1" testId="51955c3e-f169-8197-3589-9f75f3dbe46a" testName="UnitTests.Services.Items.UpdateItemDtoValidatorTests.ValidEntity_ReturnsSuccess" computerName="runnervm4c2pk" duration="00:00:00.0010000" startTime="2026-01-10T05:42:08.5846600+00:00" endTime="2026-01-10T05:42:08.6030380+00:00" testType="13cdc9d9-ddb5-4fa4-a97d-d965ccfc6d4b" outcome="Passed" testListId="8c84fa94-04c1-424b-9868-57a2d4851a1d" relativeResultsDirectory="2892278c-f9a6-4cbc-8c15-46e039e394b1" />
    <UnitTestResult executionId="5e111c19-b142-461f-9e64-30bf688e9f22" testId="ed4a8cda-fe0d-51ca-f3c3-34006db5689e" testName="UnitTests.Controllers.ItemControllerTests.UpdateItem_Updates" computerName="runnervm4c2pk" duration="00:00:00.0030000" startTime="2026-01-10T05:42:08.1138950+00:00" endTime="2026-01-10T05:42:08.1326830+00:00" testType="13cdc9d9-ddb5-4fa4-a97d-d965ccfc6d4b" outcome="Passed" testListId="8c84fa94-04c1-424b-9868-57a2d4851a1d" relativeResultsDirectory="5e111c19-b142-461f-9e64-30bf688e9f22" />
    <UnitTestResult executionId="409affc7-ea4b-4962-af68-172ff181dca9" testId="e8de6daf-b2f9-f07b-7db1-d7750158f399" testName="UnitTests.Data.Repositories.GenericRepositoryTests.Repository_Create_UsesUserId" computerName="runnervm4c2pk" duration="00:00:00.0130000" startTime="2026-01-10T05:42:08.8450270+00:00" endTime="2026-01-10T05:42:08.8667030+00:00" testType="13cdc9d9-ddb5-4fa4-a97d-d965ccfc6d4b" outcome="Passed" testListId="8c84fa94-04c1-424b-9868-57a2d4851a1d" relativeResultsDirectory="409affc7-ea4b-4962-af68-172ff181dca9" />
    <UnitTestResult executionId="18f9b528-3bb5-4104-bd6b-3fab964f1335" testId="27566079-9486-e3c1-6494-91ca9ae44d79" testName="UnitTests.Data.Repositories.GenericRepositoryTests.GenericRepositoryDeletes" computerName="runnervm4c2pk" duration="00:00:00.0480000" startTime="2026-01-10T05:42:08.7946760+00:00" endTime="2026-01-10T05:42:08.8160280+00:00" testType="13cdc9d9-ddb5-4fa4-a97d-d965ccfc6d4b" outcome="Passed" testListId="8c84fa94-04c1-424b-9868-57a2d4851a1d" relativeResultsDirectory="18f9b528-3bb5-4104-bd6b-3fab964f1335" />
    <UnitTestResult executionId="3e3a1b91-eb7d-4c88-839e-8f89209ce9ea" testId="ca2fec35-7917-d8b3-45aa-867bc3628911" testName="UnitTests.Data.Entities.ItemTests.ItemPropertiesPersist(id: 2, name: &quot;Name2&quot;, description: &quot;Description2&quot;)" computerName="runnervm4c2pk" duration="00:00:00.0010000" startTime="2026-01-10T05:42:07.2482610+00:00" endTime="2026-01-10T05:42:07.2684800+00:00" testType="13cdc9d9-ddb5-4fa4-a97d-d965ccfc6d4b" outcome="Passed" testListId="8c84fa94-04c1-424b-9868-57a2d4851a1d" relativeResultsDirectory="3e3a1b91-eb7d-4c88-839e-8f89209ce9ea" />
  </Results>
  <TestDefinitions>
    <UnitTest name="UnitTests.Data.Repositories.GenericRepositoryTests.GenericRepositoryConstructs" storage="/home/runner/work/dnn.uservoice/dnn.uservoice/unittests/bin/release/unittests.dll" id="b75181a9-0ec4-2ff3-9e36-471de6d930df">
      <Execution id="00477588-aa7b-443f-b1f4-79556da962f5" />
      <TestMethod codeBase="/home/runner/work/DNN.UserVoice/DNN.UserVoice/UnitTests/bin/Release/UnitTests.dll" adapterTypeName="executor://xunit/VsTestRunner3/netfx/" className="UnitTests.Data.Repositories.GenericRepositoryTests" name="GenericRepositoryConstructs" />
    </UnitTest>
    <UnitTest name="UnitTests.Controllers.ModuleApiControllerTests.CanEdit_Set_Throws" storage="/home/runner/work/dnn.uservoice/dnn.uservoice/unittests/bin/release/unittests.dll" id="f7bc6bd9-0c55-06bc-3749-64e5f6cece81">
      <Execution id="480fd9a2-3f9b-4d56-97ec-3ca1bdfee567" />
      <TestMethod codeBase="/home/runner/work/DNN.UserVoice/DNN.UserVoice/UnitTests/bin/Release/UnitTests.dll" adapterTypeName="executor://xunit/VsTestRunner3/netfx/" className="UnitTests.Controllers.ModuleApiControllerTests" name="CanEdit_Set_Throws" />
    </UnitTest>
    <UnitTest name="UnitTests.Data.Repositories.GenericRepositoryTests.GenericRepositoryDeletes" storage="/home/runner/work/dnn.uservoice/dnn.uservoice/unittests/bin/release/unittests.dll" id="27566079-9486-e3c1-6494-91ca9ae44d79">
      <Execution id="18f9b528-3bb5-4104-bd6b-3fab964f1335" />
      <TestMethod codeBase="/home/runner/work/DNN.UserVoice/DNN.UserVoice/UnitTests/bin/Release/UnitTests.dll" adapterTypeName="executor://xunit/VsTestRunner3/netfx/" className="UnitTests.Data.Repositories.GenericRepositoryTests" name="GenericRepositoryDeletes" />
    </UnitTest>
    <UnitTest name="UnitTests.Services.Items.ItemServiceTests.CreateItem_ValidatesDto" storage="/home/runner/work/dnn.uservoice/dnn.uservoice/unittests/bin/release/unittests.dll" id="0c7f8f8e-c0a3-2b29-c8d9-d587166b0547">
      <Execution id="3cdf3dd0-7646-4d1d-bc54-6c2724ee9b92" />
      <TestMethod codeBase="/home/runner/work/DNN.UserVoice/DNN.UserVoice/UnitTests/bin/Release/UnitTests.dll" adapterTypeName="executor://xunit/VsTestRunner3/netfx/" className="UnitTests.Services.Items.ItemServiceTests" name="CreateItem_ValidatesDto" />
    </UnitTest>
    <UnitTest name="UnitTests.StartupTests.Startup_RegistersAllRequiredServices" storage="/home/runner/work/dnn.uservoice/dnn.uservoice/unittests/bin/release/unittests.dll" id="110cc41d-29a2-9279-99dc-f27a2281aada">
      <Execution id="0d9b84bd-0292-4da0-8244-827e2382bf70" />
      <TestMethod codeBase="/home/runner/work/DNN.UserVoice/DNN.UserVoice/UnitTests/bin/Release/UnitTests.dll" adapterTypeName="executor://xunit/VsTestRunner3/netfx/" className="UnitTests.StartupTests" name="Startup_RegistersAllRequiredServices" />
    </UnitTest>
    <UnitTest name="UnitTests.Controllers.ItemControllerTests.DeleteItem_Deletes(itemId: 10)" storage="/home/runner/work/dnn.uservoice/dnn.uservoice/unittests/bin/release/unittests.dll" id="fa8b1269-424e-d13f-7573-eac483855819">
      <Execution id="7c47d199-7e1e-4bf7-88f1-4c9277177304" />
      <TestMethod codeBase="/home/runner/work/DNN.UserVoice/DNN.UserVoice/UnitTests/bin/Release/UnitTests.dll" adapterTypeName="executor://xunit/VsTestRunner3/netfx/" className="UnitTests.Controllers.ItemControllerTests" name="DeleteItem_Deletes" />
    </UnitTest>
    <UnitTest name="UnitTests.Services.Items.UpdateItemDtoValidatorTests.RequiresName(name: null)" storage="/home/runner/work/dnn.uservoice/dnn.uservoice/unittests/bin/release/unittests.dll" id="36c68f6a-618c-9531-3e2e-cd6a7051a0a0">
      <Execution id="e73a0fb0-dcb9-4e2e-8f51-75b9fd4ee774" />
      <TestMethod codeBase="/home/runner/work/DNN.UserVoice/DNN.UserVoice/UnitTests/bin/Release/UnitTests.dll" adapterTypeName="executor://xunit/VsTestRunner3/netfx/" className="UnitTests.Services.Items.UpdateItemDtoValidatorTests" name="RequiresName" />
    </UnitTest>
    <UnitTest name="UnitTests.Services.Items.UpdateItemDtoValidatorTests.RequiresIdGreaterThanZero(id: 0)" storage="/home/runner/work/dnn.uservoice/dnn.uservoice/unittests/bin/release/unittests.dll" id="5c304853-2900-2d00-f979-1d471ea6280b">
      <Execution id="d8459670-f9b7-4533-981c-f73c6139b905" />
      <TestMethod codeBase="/home/runner/work/DNN.UserVoice/DNN.UserVoice/UnitTests/bin/Release/UnitTests.dll" adapterTypeName="executor://xunit/VsTestRunner3/netfx/" className="UnitTests.Services.Items.UpdateItemDtoValidatorTests" name="RequiresIdGreaterThanZero" />
    </UnitTest>
    <UnitTest name="UnitTests.Data.Repositories.GenericRepositoryTests.GenericRepositoryUpdate_ThrowsWithNullEntity" storage="/home/runner/work/dnn.uservoice/dnn.uservoice/unittests/bin/release/unittests.dll" id="9836b323-2c87-fb96-c166-3e83946077c2">
      <Execution id="4a8b451a-1e7a-4aa3-98b0-4dbc50ca8fca" />
      <TestMethod codeBase="/home/runner/work/DNN.UserVoice/DNN.UserVoice/UnitTests/bin/Release/UnitTests.dll" adapterTypeName="executor://xunit/VsTestRunner3/netfx/" className="UnitTests.Data.Repositories.GenericRepositoryTests" name="GenericRepositoryUpdate_ThrowsWithNullEntity" />
    </UnitTest>
    <UnitTest name="UnitTests.Controllers.ItemControllerTests.GetItemsPage_GetsProperPages" storage="/home/runner/work/dnn.uservoice/dnn.uservoice/unittests/bin/release/unittests.dll" id="7d8112bd-f2c4-bfd9-ece4-ecb8a2c232fb">
      <Execution id="bcabac9f-f292-4eeb-9b48-79387078f4d4" />
      <TestMethod codeBase="/home/runner/work/DNN.UserVoice/DNN.UserVoice/UnitTests/bin/Release/UnitTests.dll" adapterTypeName="executor://xunit/VsTestRunner3/netfx/" className="UnitTests.Controllers.ItemControllerTests" name="GetItemsPage_GetsProperPages" />
    </UnitTest>
    <UnitTest name="UnitTests.Services.Items.UpdateItemDtoValidatorTests.RequiresIdGreaterThanZero(id: -1)" storage="/home/runner/work/dnn.uservoice/dnn.uservoice/unittests/bin/release/unittests.dll" id="3b626e8b-142a-393c-5391-e3c388a41a28">
      <Execution id="3f027af0-c629-42d0-8ef3-d5a849b5db68" />
      <TestMethod codeBase="/home/runner/work/DNN.UserVoice/DNN.UserVoice/UnitTests/bin/Release/UnitTests.dll" adapterTypeName="executor://xunit/VsTestRunner3/netfx/" className="UnitTests.Services.Items.UpdateItemDtoValidatorTests" name="RequiresIdGreaterThanZero" />
    </UnitTest>
    <UnitTest name="UnitTests.Data.Repositories.GenericRepositoryTests.Repository_Create_UsesUserId" storage="/home/runner/work/dnn.uservoice/dnn.uservoice/unittests/bin/release/unittests.dll" id="e8de6daf-b2f9-f07b-7db1-d7750158f399">
      <Execution id="409affc7-ea4b-4962-af68-172ff181dca9" />
      <TestMethod codeBase="/home/runner/work/DNN.UserVoice/DNN.UserVoice/UnitTests/bin/Release/UnitTests.dll" adapterTypeName="executor://xunit/VsTestRunner3/netfx/" className="UnitTests.Data.Repositories.GenericRepositoryTests" name="Repository_Create_UsesUserId" />
    </UnitTest>
    <UnitTest name="UnitTests.Services.Items.ItemServiceTests.GetItemsPage_GetsPages(descending: False)" storage="/home/runner/work/dnn.uservoice/dnn.uservoice/unittests/bin/release/unittests.dll" id="a186e957-56e4-65e4-f837-8d9c700b6a34">
      <Execution id="3e6108ca-88bf-42d6-8ffd-a20408c5a185" />
      <TestMethod codeBase="/home/runner/work/DNN.UserVoice/DNN.UserVoice/UnitTests/bin/Release/UnitTests.dll" adapterTypeName="executor://xunit/VsTestRunner3/netfx/" className="UnitTests.Services.Items.ItemServiceTests" name="GetItemsPage_GetsPages" />
    </UnitTest>
    <UnitTest name="UnitTests.Data.Repositories.GenericRepositoryTests.GenericRepositoryGet" storage="/home/runner/work/dnn.uservoice/dnn.uservoice/unittests/bin/release/unittests.dll" id="fa343bff-97c2-1efc-efd2-918bb0a79a3b">
      <Execution id="2fa3c449-56ba-43f2-b541-b117f3eaa7ef" />
      <TestMethod codeBase="/home/runner/work/DNN.UserVoice/DNN.UserVoice/UnitTests/bin/Release/UnitTests.dll" adapterTypeName="executor://xunit/VsTestRunner3/netfx/" className="UnitTests.Data.Repositories.GenericRepositoryTests" name="GenericRepositoryGet" />
    </UnitTest>
    <UnitTest name="UnitTests.Common.Extensions.IQueryableExtensionsTests.Order_OrdersBothWays(descending: True, expected: [3, 2, 1])" storage="/home/runner/work/dnn.uservoice/dnn.uservoice/unittests/bin/release/unittests.dll" id="32043394-70a0-5941-8429-df4a4a35fb7f">
      <Execution id="8d7ef8a1-c7fc-4838-8bc7-3ea9a20d7274" />
      <TestMethod codeBase="/home/runner/work/DNN.UserVoice/DNN.UserVoice/UnitTests/bin/Release/UnitTests.dll" adapterTypeName="executor://xunit/VsTestRunner3/netfx/" className="UnitTests.Common.Extensions.IQueryableExtensionsTests" name="Order_OrdersBothWays" />
    </UnitTest>
    <UnitTest name="UnitTests.Data.Repositories.GenericRepositoryTests.GenericRepositoryCreatesAndGetsById" storage="/home/runner/work/dnn.uservoice/dnn.uservoice/unittests/bin/release/unittests.dll" id="d527f5d7-05c2-a5da-93c5-f2bb4391f844">
      <Execution id="b21a17b6-873b-4319-ae55-2f720e35dcfe" />
      <TestMethod codeBase="/home/runner/work/DNN.UserVoice/DNN.UserVoice/UnitTests/bin/Release/UnitTests.dll" adapterTypeName="executor://xunit/VsTestRunner3/netfx/" className="UnitTests.Data.Repositories.GenericRepositoryTests" name="GenericRepositoryCreatesAndGetsById" />
    </UnitTest>
    <UnitTest name="UnitTests.Data.Repositories.GenericRepositoryTests.GenericRepositoryGetsAll(iterations: 0)" storage="/home/runner/work/dnn.uservoice/dnn.uservoice/unittests/bin/release/unittests.dll" id="60e43152-7193-1c31-7a7d-2c2ca162fc43">
      <Execution id="859c60a8-7408-48af-a5e3-fcad0b42e734" />
      <TestMethod codeBase="/home/runner/work/DNN.UserVoice/DNN.UserVoice/UnitTests/bin/Release/UnitTests.dll" adapterTypeName="executor://xunit/VsTestRunner3/netfx/" className="UnitTests.Data.Repositories.GenericRepositoryTests" name="GenericRepositoryGetsAll" />
    </UnitTest>
    <UnitTest name="UnitTests.Controllers.ItemControllerTests.CreateItem_Creates" storage="/home/runner/work/dnn.uservoice/dnn.uservoice/unittests/bin/release/unittests.dll" id="d031b1ae-c025-163d-f616-e9ba53dfebad">
      <Execution id="47c59fa6-e4af-44e8-bd11-7705c4528db6" />
      <TestMethod codeBase="/home/runner/work/DNN.UserVoice/DNN.UserVoice/UnitTests/bin/Release/UnitTests.dll" adapterTypeName="executor://xunit/VsTestRunner3/netfx/" className="UnitTests.Controllers.ItemControllerTests" name="CreateItem_Creates" />
    </UnitTest>
    <UnitTest name="UnitTests.Controllers.LocalizationControllerTests.GetLocalization_CallsLocalizationService" storage="/home/runner/work/dnn.uservoice/dnn.uservoice/unittests/bin/release/unittests.dll" id="bd3351a7-b43b-1510-2d3f-11bb62aa88d7">
      <Execution id="8064d1a7-644b-4581-aefd-13aab7d1b73f" />
      <TestMethod codeBase="/home/runner/work/DNN.UserVoice/DNN.UserVoice/UnitTests/bin/Release/UnitTests.dll" adapterTypeName="executor://xunit/VsTestRunner3/netfx/" className="UnitTests.Controllers.LocalizationControllerTests" name="GetLocalization_CallsLocalizationService" />
    </UnitTest>
    <UnitTest name="UnitTests.Data.Repositories.GenericRepositoryTests.Repository_Create_DefaultAudit" storage="/home/runner/work/dnn.uservoice/dnn.uservoice/unittests/bin/release/unittests.dll" id="d7aeee62-ca8d-2ca5-79b2-258e190e2d14">
      <Execution id="85d8e682-eda1-4a10-8dbd-434b60d67ebc" />
      <TestMethod codeBase="/home/runner/work/DNN.UserVoice/DNN.UserVoice/UnitTests/bin/Release/UnitTests.dll" adapterTypeName="executor://xunit/VsTestRunner3/netfx/" className="UnitTests.Data.Repositories.GenericRepositoryTests" name="Repository_Create_DefaultAudit" />
    </UnitTest>
    <UnitTest name="UnitTests.Data.Repositories.GenericRepositoryTests.GenericRepositoryCreate_ThrowsWithNullEntity" storage="/home/runner/work/dnn.uservoice/dnn.uservoice/unittests/bin/release/unittests.dll" id="c38d13c8-0943-0152-9d1f-27d7829b57da">
      <Execution id="498d2825-d1f8-4895-8c94-b9ee8bc3f18c" />
      <TestMethod codeBase="/home/runner/work/DNN.UserVoice/DNN.UserVoice/UnitTests/bin/Release/UnitTests.dll" adapterTypeName="executor://xunit/VsTestRunner3/netfx/" className="UnitTests.Data.Repositories.GenericRepositoryTests" name="GenericRepositoryCreate_ThrowsWithNullEntity" />
    </UnitTest>
    <UnitTest name="UnitTests.Services.Items.UpdateItemDtoValidatorTests.RequiresName(name: &quot; &quot;)" storage="/home/runner/work/dnn.uservoice/dnn.uservoice/unittests/bin/release/unittests.dll" id="87b4ff81-51c2-93a0-390e-114c682b8959">
      <Execution id="0cd1c4c1-edb0-4cff-9a65-3982eb9ffc15" />
      <TestMethod codeBase="/home/runner/work/DNN.UserVoice/DNN.UserVoice/UnitTests/bin/Release/UnitTests.dll" adapterTypeName="executor://xunit/VsTestRunner3/netfx/" className="UnitTests.Services.Items.UpdateItemDtoValidatorTests" name="RequiresName" />
    </UnitTest>
    <UnitTest name="UnitTests.Services.Items.CreateItemDtoValidatorTests.RequiresName(name: null)" storage="/home/runner/work/dnn.uservoice/dnn.uservoice/unittests/bin/release/unittests.dll" id="2b9eeefb-40f0-28cc-b56f-d5142407c019">
      <Execution id="29f5eefb-ad83-4858-8c99-682aef959e68" />
      <TestMethod codeBase="/home/runner/work/DNN.UserVoice/DNN.UserVoice/UnitTests/bin/Release/UnitTests.dll" adapterTypeName="executor://xunit/VsTestRunner3/netfx/" className="UnitTests.Services.Items.CreateItemDtoValidatorTests" name="RequiresName" />
    </UnitTest>
    <UnitTest name="UnitTests.Data.Repositories.GenericRepositoryTests.Pages_With_Related_Entities" storage="/home/runner/work/dnn.uservoice/dnn.uservoice/unittests/bin/release/unittests.dll" id="051fc54f-7074-2910-0417-4c911d54f4b2">
      <Execution id="a13120d4-13e9-4288-b92c-debe338c446f" />
      <TestMethod codeBase="/home/runner/work/DNN.UserVoice/DNN.UserVoice/UnitTests/bin/Release/UnitTests.dll" adapterTypeName="executor://xunit/VsTestRunner3/netfx/" className="UnitTests.Data.Repositories.GenericRepositoryTests" name="Pages_With_Related_Entities" />
    </UnitTest>
    <UnitTest name="UnitTests.Controllers.ModuleApiControllerTests.HasUserInfo" storage="/home/runner/work/dnn.uservoice/dnn.uservoice/unittests/bin/release/unittests.dll" id="53f95eb7-2fb5-a3ce-2c24-38ae34e88303">
      <Execution id="dc0ede56-c9fc-44a0-ab03-c99a9edeb0bc" />
      <TestMethod codeBase="/home/runner/work/DNN.UserVoice/DNN.UserVoice/UnitTests/bin/Release/UnitTests.dll" adapterTypeName="executor://xunit/VsTestRunner3/netfx/" className="UnitTests.Controllers.ModuleApiControllerTests" name="HasUserInfo" />
    </UnitTest>
    <UnitTest name="UnitTests.Services.Items.UpdateItemDtoValidatorTests.RequiresName(name: &quot;&quot;)" storage="/home/runner/work/dnn.uservoice/dnn.uservoice/unittests/bin/release/unittests.dll" id="5abb8e89-1550-5788-8877-7b81d83404bf">
      <Execution id="01fb9623-7759-4178-ae05-bd0476ee470b" />
      <TestMethod codeBase="/home/runner/work/DNN.UserVoice/DNN.UserVoice/UnitTests/bin/Release/UnitTests.dll" adapterTypeName="executor://xunit/VsTestRunner3/netfx/" className="UnitTests.Services.Items.UpdateItemDtoValidatorTests" name="RequiresName" />
    </UnitTest>
    <UnitTest name="UnitTests.Services.Items.CreateItemDtoValidatorTests.RequiresName(name: &quot; &quot;)" storage="/home/runner/work/dnn.uservoice/dnn.uservoice/unittests/bin/release/unittests.dll" id="03af56e2-e8a0-255f-2502-d04084f84c6d">
      <Execution id="9fac397a-47c4-42a9-92e5-84103a0e1f3d" />
      <TestMethod codeBase="/home/runner/work/DNN.UserVoice/DNN.UserVoice/UnitTests/bin/Release/UnitTests.dll" adapterTypeName="executor://xunit/VsTestRunner3/netfx/" className="UnitTests.Services.Items.CreateItemDtoValidatorTests" name="RequiresName" />
    </UnitTest>
    <UnitTest name="UnitTests.Services.Items.ItemServiceTests.DeleteItem_Deletes" storage="/home/runner/work/dnn.uservoice/dnn.uservoice/unittests/bin/release/unittests.dll" id="ceeab19c-71f0-e90d-77bc-1c6fd0f8b27b">
      <Execution id="47d97923-c9b6-4a81-9ded-7ccb3e44a281" />
      <TestMethod codeBase="/home/runner/work/DNN.UserVoice/DNN.UserVoice/UnitTests/bin/Release/UnitTests.dll" adapterTypeName="executor://xunit/VsTestRunner3/netfx/" className="UnitTests.Services.Items.ItemServiceTests" name="DeleteItem_Deletes" />
    </UnitTest>
    <UnitTest name="UnitTests.Data.Repositories.GenericRepositoryTests.GetPage_Pages(page: 0, pageSize: 0, expectedItems: 1, expectedPages: 50)" storage="/home/runner/work/dnn.uservoice/dnn.uservoice/unittests/bin/release/unittests.dll" id="082ec871-5a59-802f-3256-844756fbe9b1">
      <Execution id="eebcf627-19a9-4c62-a11c-a2bd924633e1" />
      <TestMethod codeBase="/home/runner/work/DNN.UserVoice/DNN.UserVoice/UnitTests/bin/Release/UnitTests.dll" adapterTypeName="executor://xunit/VsTestRunner3/netfx/" className="UnitTests.Data.Repositories.GenericRepositoryTests" name="GetPage_Pages" />
    </UnitTest>
    <UnitTest name="UnitTests.Controllers.ItemControllerTests.DeleteItem_Deletes(itemId: 1)" storage="/home/runner/work/dnn.uservoice/dnn.uservoice/unittests/bin/release/unittests.dll" id="214564bd-ea08-a328-310a-6f9c8571a9e3">
      <Execution id="4f8e7cca-1519-4e5f-83d0-e925ccb53a45" />
      <TestMethod codeBase="/home/runner/work/DNN.UserVoice/DNN.UserVoice/UnitTests/bin/Release/UnitTests.dll" adapterTypeName="executor://xunit/VsTestRunner3/netfx/" className="UnitTests.Controllers.ItemControllerTests" name="DeleteItem_Deletes" />
    </UnitTest>
    <UnitTest name="UnitTests.Data.Entities.ItemTests.ItemPropertiesPersist(id: 2, name: &quot;Name2&quot;, description: &quot;Description2&quot;)" storage="/home/runner/work/dnn.uservoice/dnn.uservoice/unittests/bin/release/unittests.dll" id="ca2fec35-7917-d8b3-45aa-867bc3628911">
      <Execution id="3e3a1b91-eb7d-4c88-839e-8f89209ce9ea" />
      <TestMethod codeBase="/home/runner/work/DNN.UserVoice/DNN.UserVoice/UnitTests/bin/Release/UnitTests.dll" adapterTypeName="executor://xunit/VsTestRunner3/netfx/" className="UnitTests.Data.Entities.ItemTests" name="ItemPropertiesPersist" />
    </UnitTest>
    <UnitTest name="UnitTests.Services.Items.ItemServiceTests.UpdateItem_ValidatesDto" storage="/home/runner/work/dnn.uservoice/dnn.uservoice/unittests/bin/release/unittests.dll" id="ae436c36-f02d-230f-1c4c-60b211d751da">
      <Execution id="0120168e-843d-4e0a-a5c0-65e06a378017" />
      <TestMethod codeBase="/home/runner/work/DNN.UserVoice/DNN.UserVoice/UnitTests/bin/Release/UnitTests.dll" adapterTypeName="executor://xunit/VsTestRunner3/netfx/" className="UnitTests.Services.Items.ItemServiceTests" name="UpdateItem_ValidatesDto" />
    </UnitTest>
    <UnitTest name="UnitTests.Data.Repositories.GenericRepositoryTests.Repository_DeleteMissing_DoesNotThrow" storage="/home/runner/work/dnn.uservoice/dnn.uservoice/unittests/bin/release/unittests.dll" id="59704e7b-f8f7-ace3-2612-2279b1ecd6cb">
      <Execution id="4eab596a-5a3b-4504-ab1f-756ca9d3f88c" />
      <TestMethod codeBase="/home/runner/work/DNN.UserVoice/DNN.UserVoice/UnitTests/bin/Release/UnitTests.dll" adapterTypeName="executor://xunit/VsTestRunner3/netfx/" className="UnitTests.Data.Repositories.GenericRepositoryTests" name="Repository_DeleteMissing_DoesNotThrow" />
    </UnitTest>
    <UnitTest name="UnitTests.Data.Repositories.GenericRepositoryTests.Repository_Update_UsesUserId" storage="/home/runner/work/dnn.uservoice/dnn.uservoice/unittests/bin/release/unittests.dll" id="c89a5558-29d6-7160-12eb-04b76041b792">
      <Execution id="b3cdb205-3ca0-4293-a935-ef4cbcbdc07c" />
      <TestMethod codeBase="/home/runner/work/DNN.UserVoice/DNN.UserVoice/UnitTests/bin/Release/UnitTests.dll" adapterTypeName="executor://xunit/VsTestRunner3/netfx/" className="UnitTests.Data.Repositories.GenericRepositoryTests" name="Repository_Update_UsesUserId" />
    </UnitTest>
    <UnitTest name="UnitTests.Controllers.ServiceRouteMapperTests.RegisterRoutes_RegistersAtLestOneRoute" storage="/home/runner/work/dnn.uservoice/dnn.uservoice/unittests/bin/release/unittests.dll" id="81cc43d9-8c80-da23-fbb4-6a3d2970824d">
      <Execution id="83725eb8-aac7-4a4c-a6e4-cee8028df0c4" />
      <TestMethod codeBase="/home/runner/work/DNN.UserVoice/DNN.UserVoice/UnitTests/bin/Release/UnitTests.dll" adapterTypeName="executor://xunit/VsTestRunner3/netfx/" className="UnitTests.Controllers.ServiceRouteMapperTests" name="RegisterRoutes_RegistersAtLestOneRoute" />
    </UnitTest>
    <UnitTest name="UnitTests.Data.Entities.ItemTests.ItemConstructsProperly" storage="/home/runner/work/dnn.uservoice/dnn.uservoice/unittests/bin/release/unittests.dll" id="d0b9e575-496b-d196-31e5-7e4d85411a18">
      <Execution id="547256f8-05d9-4684-b611-a1d6489b0ca2" />
      <TestMethod codeBase="/home/runner/work/DNN.UserVoice/DNN.UserVoice/UnitTests/bin/Release/UnitTests.dll" adapterTypeName="executor://xunit/VsTestRunner3/netfx/" className="UnitTests.Data.Entities.ItemTests" name="ItemConstructsProperly" />
    </UnitTest>
    <UnitTest name="UnitTests.Controllers.ItemControllerTests.UserCanEdit_ReturnsBool(canEdit: False)" storage="/home/runner/work/dnn.uservoice/dnn.uservoice/unittests/bin/release/unittests.dll" id="be57a587-ebca-72fa-2f95-7f5a530521d1">
      <Execution id="3ac8b66f-2dcf-47e5-a5ca-08356a9a5c0e" />
      <TestMethod codeBase="/home/runner/work/DNN.UserVoice/DNN.UserVoice/UnitTests/bin/Release/UnitTests.dll" adapterTypeName="executor://xunit/VsTestRunner3/netfx/" className="UnitTests.Controllers.ItemControllerTests" name="UserCanEdit_ReturnsBool" />
    </UnitTest>
    <UnitTest name="UnitTests.Data.Repositories.GenericRepositoryTests.GetPage_Pages(page: 1, pageSize: 10, expectedItems: 10, expectedPages: 5)" storage="/home/runner/work/dnn.uservoice/dnn.uservoice/unittests/bin/release/unittests.dll" id="74347e3e-a1d8-1a9b-e232-94cd87fba9da">
      <Execution id="93960de9-cc19-43e1-8f09-8d95e18f72c8" />
      <TestMethod codeBase="/home/runner/work/DNN.UserVoice/DNN.UserVoice/UnitTests/bin/Release/UnitTests.dll" adapterTypeName="executor://xunit/VsTestRunner3/netfx/" className="UnitTests.Data.Repositories.GenericRepositoryTests" name="GetPage_Pages" />
    </UnitTest>
    <UnitTest name="UnitTests.Providers.DateTimeProviderTests.DateTimeProvider_CanBeMocked" storage="/home/runner/work/dnn.uservoice/dnn.uservoice/unittests/bin/release/unittests.dll" id="b7610a9b-6030-af40-bb84-d88d1eb15547">
      <Execution id="39d36021-d59c-49d0-92cc-f35303f4badb" />
      <TestMethod codeBase="/home/runner/work/DNN.UserVoice/DNN.UserVoice/UnitTests/bin/Release/UnitTests.dll" adapterTypeName="executor://xunit/VsTestRunner3/netfx/" className="UnitTests.Providers.DateTimeProviderTests" name="DateTimeProvider_CanBeMocked" />
    </UnitTest>
    <UnitTest name="UnitTests.Common.Extensions.IQueryableExtensionsTests.Order_OrdersBothWays(descending: False, expected: [1, 2, 3])" storage="/home/runner/work/dnn.uservoice/dnn.uservoice/unittests/bin/release/unittests.dll" id="2d6f5baf-662f-deaa-c19f-725a428dae0e">
      <Execution id="714c50bf-9364-4d88-9b7e-5fc59609835b" />
      <TestMethod codeBase="/home/runner/work/DNN.UserVoice/DNN.UserVoice/UnitTests/bin/Release/UnitTests.dll" adapterTypeName="executor://xunit/VsTestRunner3/netfx/" className="UnitTests.Common.Extensions.IQueryableExtensionsTests" name="Order_OrdersBothWays" />
    </UnitTest>
    <UnitTest name="UnitTests.Common.GlobalsTests.ModulePrefixIsValid" storage="/home/runner/work/dnn.uservoice/dnn.uservoice/unittests/bin/release/unittests.dll" id="4174a4fc-f050-0a80-62f5-57efd360262b">
      <Execution id="9b9531fb-22c0-4d7a-8af0-5dff8cffc052" />
      <TestMethod codeBase="/home/runner/work/DNN.UserVoice/DNN.UserVoice/UnitTests/bin/Release/UnitTests.dll" adapterTypeName="executor://xunit/VsTestRunner3/netfx/" className="UnitTests.Common.GlobalsTests" name="ModulePrefixIsValid" />
    </UnitTest>
    <UnitTest name="UnitTests.Providers.DateTimeProviderTests.DateTimeProvider_ProvidesUtc" storage="/home/runner/work/dnn.uservoice/dnn.uservoice/unittests/bin/release/unittests.dll" id="38eae053-145d-f86c-9ed5-dae375692ec3">
      <Execution id="d8c385c8-8396-4898-b10b-3c78a14c3195" />
      <TestMethod codeBase="/home/runner/work/DNN.UserVoice/DNN.UserVoice/UnitTests/bin/Release/UnitTests.dll" adapterTypeName="executor://xunit/VsTestRunner3/netfx/" className="UnitTests.Providers.DateTimeProviderTests" name="DateTimeProvider_ProvidesUtc" />
    </UnitTest>
    <UnitTest name="UnitTests.Data.Entities.ItemTests.ItemPropertiesPersist(id: 1, name: &quot;Name1&quot;, description: &quot;Description1&quot;)" storage="/home/runner/work/dnn.uservoice/dnn.uservoice/unittests/bin/release/unittests.dll" id="4cdf9f31-7ede-faa6-6ff2-ef333e7d2891">
      <Execution id="f84edd10-8b27-4bf7-a913-16a7b3caf044" />
      <TestMethod codeBase="/home/runner/work/DNN.UserVoice/DNN.UserVoice/UnitTests/bin/Release/UnitTests.dll" adapterTypeName="executor://xunit/VsTestRunner3/netfx/" className="UnitTests.Data.Entities.ItemTests" name="ItemPropertiesPersist" />
    </UnitTest>
    <UnitTest name="UnitTests.Controllers.ItemControllerTests.UserCanEdit_ReturnsBool(canEdit: True)" storage="/home/runner/work/dnn.uservoice/dnn.uservoice/unittests/bin/release/unittests.dll" id="8965f0ee-055b-1404-4da2-abe68661a6cd">
      <Execution id="50532981-be4f-4e32-a692-520da0fb6cef" />
      <TestMethod codeBase="/home/runner/work/DNN.UserVoice/DNN.UserVoice/UnitTests/bin/Release/UnitTests.dll" adapterTypeName="executor://xunit/VsTestRunner3/netfx/" className="UnitTests.Controllers.ItemControllerTests" name="UserCanEdit_ReturnsBool" />
    </UnitTest>
    <UnitTest name="UnitTests.Controllers.ModuleApiControllerTests.CanEdit_DefaultsToFalse" storage="/home/runner/work/dnn.uservoice/dnn.uservoice/unittests/bin/release/unittests.dll" id="b2fa0e24-81e1-9083-2786-28263d3bbbcb">
      <Execution id="12955c29-5bdc-47a9-b70c-c56ae80240d4" />
      <TestMethod codeBase="/home/runner/work/DNN.UserVoice/DNN.UserVoice/UnitTests/bin/Release/UnitTests.dll" adapterTypeName="executor://xunit/VsTestRunner3/netfx/" className="UnitTests.Controllers.ModuleApiControllerTests" name="CanEdit_DefaultsToFalse" />
    </UnitTest>
    <UnitTest name="UnitTests.Data.Repositories.GenericRepositoryTests.GenericRepositoryGetsAll(iterations: 2)" storage="/home/runner/work/dnn.uservoice/dnn.uservoice/unittests/bin/release/unittests.dll" id="e334ac2e-a91d-9592-9a14-6e6af425e889">
      <Execution id="20eae23b-3a81-4e77-9259-0caeabb1c0a0" />
      <TestMethod codeBase="/home/runner/work/DNN.UserVoice/DNN.UserVoice/UnitTests/bin/Release/UnitTests.dll" adapterTypeName="executor://xunit/VsTestRunner3/netfx/" className="UnitTests.Data.Repositories.GenericRepositoryTests" name="GenericRepositoryGetsAll" />
    </UnitTest>
    <UnitTest name="UnitTests.Services.Items.ItemServiceTests.CreateItem_Creates" storage="/home/runner/work/dnn.uservoice/dnn.uservoice/unittests/bin/release/unittests.dll" id="c08d3024-24a3-dfd7-35fb-0af4da1be41c">
      <Execution id="fe1a5044-7716-45a3-a050-8347c7087459" />
      <TestMethod codeBase="/home/runner/work/DNN.UserVoice/DNN.UserVoice/UnitTests/bin/Release/UnitTests.dll" adapterTypeName="executor://xunit/VsTestRunner3/netfx/" className="UnitTests.Services.Items.ItemServiceTests" name="CreateItem_Creates" />
    </UnitTest>
    <UnitTest name="UnitTests.Data.Repositories.GenericRepositoryTests.GenericRepositoryUpdates" storage="/home/runner/work/dnn.uservoice/dnn.uservoice/unittests/bin/release/unittests.dll" id="a59558fc-da57-70d4-d51b-006c46a3cd4f">
      <Execution id="7589107f-296e-49d9-acb4-a87591aba09f" />
      <TestMethod codeBase="/home/runner/work/DNN.UserVoice/DNN.UserVoice/UnitTests/bin/Release/UnitTests.dll" adapterTypeName="executor://xunit/VsTestRunner3/netfx/" className="UnitTests.Data.Repositories.GenericRepositoryTests" name="GenericRepositoryUpdates" />
    </UnitTest>
    <UnitTest name="UnitTests.Services.Items.ItemServiceTests.UpdateItem_Updates" storage="/home/runner/work/dnn.uservoice/dnn.uservoice/unittests/bin/release/unittests.dll" id="40d614e6-7e9b-4f95-0203-a116ba8d096e">
      <Execution id="3c23db35-5e56-41b6-876f-1bfe0baaa893" />
      <TestMethod codeBase="/home/runner/work/DNN.UserVoice/DNN.UserVoice/UnitTests/bin/Release/UnitTests.dll" adapterTypeName="executor://xunit/VsTestRunner3/netfx/" className="UnitTests.Services.Items.ItemServiceTests" name="UpdateItem_Updates" />
    </UnitTest>
    <UnitTest name="UnitTests.Services.Items.CreateItemDtoValidatorTests.RequiresName(name: &quot;&quot;)" storage="/home/runner/work/dnn.uservoice/dnn.uservoice/unittests/bin/release/unittests.dll" id="b51c1be1-87ad-aecb-5eb0-76972efdcc49">
      <Execution id="e6f73475-3b86-4563-b070-5628c4c106ec" />
      <TestMethod codeBase="/home/runner/work/DNN.UserVoice/DNN.UserVoice/UnitTests/bin/Release/UnitTests.dll" adapterTypeName="executor://xunit/VsTestRunner3/netfx/" className="UnitTests.Services.Items.CreateItemDtoValidatorTests" name="RequiresName" />
    </UnitTest>
    <UnitTest name="UnitTests.Services.Items.UpdateItemDtoValidatorTests.ValidEntity_ReturnsSuccess" storage="/home/runner/work/dnn.uservoice/dnn.uservoice/unittests/bin/release/unittests.dll" id="51955c3e-f169-8197-3589-9f75f3dbe46a">
      <Execution id="2892278c-f9a6-4cbc-8c15-46e039e394b1" />
      <TestMethod codeBase="/home/runner/work/DNN.UserVoice/DNN.UserVoice/UnitTests/bin/Release/UnitTests.dll" adapterTypeName="executor://xunit/VsTestRunner3/netfx/" className="UnitTests.Services.Items.UpdateItemDtoValidatorTests" name="ValidEntity_ReturnsSuccess" />
    </UnitTest>
    <UnitTest name="UnitTests.Data.Repositories.GenericRepositoryTests.Repository_Update_DefaultAudit" storage="/home/runner/work/dnn.uservoice/dnn.uservoice/unittests/bin/release/unittests.dll" id="3f6312dc-2331-e755-d68a-8de3088e798d">
      <Execution id="5c613599-7f84-4799-84d2-33956622fff6" />
      <TestMethod codeBase="/home/runner/work/DNN.UserVoice/DNN.UserVoice/UnitTests/bin/Release/UnitTests.dll" adapterTypeName="executor://xunit/VsTestRunner3/netfx/" className="UnitTests.Data.Repositories.GenericRepositoryTests" name="Repository_Update_DefaultAudit" />
    </UnitTest>
    <UnitTest name="UnitTests.Controllers.ItemControllerTests.UpdateItem_Updates" storage="/home/runner/work/dnn.uservoice/dnn.uservoice/unittests/bin/release/unittests.dll" id="ed4a8cda-fe0d-51ca-f3c3-34006db5689e">
      <Execution id="5e111c19-b142-461f-9e64-30bf688e9f22" />
      <TestMethod codeBase="/home/runner/work/DNN.UserVoice/DNN.UserVoice/UnitTests/bin/Release/UnitTests.dll" adapterTypeName="executor://xunit/VsTestRunner3/netfx/" className="UnitTests.Controllers.ItemControllerTests" name="UpdateItem_Updates" />
    </UnitTest>
    <UnitTest name="UnitTests.Data.Repositories.GenericRepositoryTests.GetPage_Pages(page: 3, pageSize: 20, expectedItems: 10, expectedPages: 3)" storage="/home/runner/work/dnn.uservoice/dnn.uservoice/unittests/bin/release/unittests.dll" id="527c432f-7b9f-89a4-0fdf-51a0955d2f53">
      <Execution id="9a1ce3c1-35aa-4baf-8e5f-cef1c2bc7164" />
      <TestMethod codeBase="/home/runner/work/DNN.UserVoice/DNN.UserVoice/UnitTests/bin/Release/UnitTests.dll" adapterTypeName="executor://xunit/VsTestRunner3/netfx/" className="UnitTests.Data.Repositories.GenericRepositoryTests" name="GetPage_Pages" />
    </UnitTest>
    <UnitTest name="UnitTests.Data.Repositories.GenericRepositoryTests.GenericRepositoryGetsAll(iterations: 3)" storage="/home/runner/work/dnn.uservoice/dnn.uservoice/unittests/bin/release/unittests.dll" id="dee71b95-4301-2055-80fa-558f55d588b8">
      <Execution id="a8185fd8-08ff-45e5-ad43-dff11ff5c4da" />
      <TestMethod codeBase="/home/runner/work/DNN.UserVoice/DNN.UserVoice/UnitTests/bin/Release/UnitTests.dll" adapterTypeName="executor://xunit/VsTestRunner3/netfx/" className="UnitTests.Data.Repositories.GenericRepositoryTests" name="GenericRepositoryGetsAll" />
    </UnitTest>
    <UnitTest name="UnitTests.Data.Repositories.GenericRepositoryTests.GenericRepositoryGetsAll(iterations: 1)" storage="/home/runner/work/dnn.uservoice/dnn.uservoice/unittests/bin/release/unittests.dll" id="20272210-340c-8b95-1194-eff3787f3e46">
      <Execution id="0b15fa56-1048-48bf-84b9-820cf713648b" />
      <TestMethod codeBase="/home/runner/work/DNN.UserVoice/DNN.UserVoice/UnitTests/bin/Release/UnitTests.dll" adapterTypeName="executor://xunit/VsTestRunner3/netfx/" className="UnitTests.Data.Repositories.GenericRepositoryTests" name="GenericRepositoryGetsAll" />
    </UnitTest>
  </TestDefinitions>
  <TestEntries>
    <TestEntry testId="5abb8e89-1550-5788-8877-7b81d83404bf" executionId="01fb9623-7759-4178-ae05-bd0476ee470b" testListId="8c84fa94-04c1-424b-9868-57a2d4851a1d" />
    <TestEntry testId="b75181a9-0ec4-2ff3-9e36-471de6d930df" executionId="00477588-aa7b-443f-b1f4-79556da962f5" testListId="8c84fa94-04c1-424b-9868-57a2d4851a1d" />
    <TestEntry testId="051fc54f-7074-2910-0417-4c911d54f4b2" executionId="a13120d4-13e9-4288-b92c-debe338c446f" testListId="8c84fa94-04c1-424b-9868-57a2d4851a1d" />
    <TestEntry testId="8965f0ee-055b-1404-4da2-abe68661a6cd" executionId="50532981-be4f-4e32-a692-520da0fb6cef" testListId="8c84fa94-04c1-424b-9868-57a2d4851a1d" />
    <TestEntry testId="fa8b1269-424e-d13f-7573-eac483855819" executionId="7c47d199-7e1e-4bf7-88f1-4c9277177304" testListId="8c84fa94-04c1-424b-9868-57a2d4851a1d" />
    <TestEntry testId="20272210-340c-8b95-1194-eff3787f3e46" executionId="0b15fa56-1048-48bf-84b9-820cf713648b" testListId="8c84fa94-04c1-424b-9868-57a2d4851a1d" />
    <TestEntry testId="38eae053-145d-f86c-9ed5-dae375692ec3" executionId="d8c385c8-8396-4898-b10b-3c78a14c3195" testListId="8c84fa94-04c1-424b-9868-57a2d4851a1d" />
    <TestEntry testId="3b626e8b-142a-393c-5391-e3c388a41a28" executionId="3f027af0-c629-42d0-8ef3-d5a849b5db68" testListId="8c84fa94-04c1-424b-9868-57a2d4851a1d" />
    <TestEntry testId="81cc43d9-8c80-da23-fbb4-6a3d2970824d" executionId="83725eb8-aac7-4a4c-a6e4-cee8028df0c4" testListId="8c84fa94-04c1-424b-9868-57a2d4851a1d" />
    <TestEntry testId="d031b1ae-c025-163d-f616-e9ba53dfebad" executionId="47c59fa6-e4af-44e8-bd11-7705c4528db6" testListId="8c84fa94-04c1-424b-9868-57a2d4851a1d" />
    <TestEntry testId="b7610a9b-6030-af40-bb84-d88d1eb15547" executionId="39d36021-d59c-49d0-92cc-f35303f4badb" testListId="8c84fa94-04c1-424b-9868-57a2d4851a1d" />
    <TestEntry testId="0c7f8f8e-c0a3-2b29-c8d9-d587166b0547" executionId="3cdf3dd0-7646-4d1d-bc54-6c2724ee9b92" testListId="8c84fa94-04c1-424b-9868-57a2d4851a1d" />
    <TestEntry testId="87b4ff81-51c2-93a0-390e-114c682b8959" executionId="0cd1c4c1-edb0-4cff-9a65-3982eb9ffc15" testListId="8c84fa94-04c1-424b-9868-57a2d4851a1d" />
    <TestEntry testId="bd3351a7-b43b-1510-2d3f-11bb62aa88d7" executionId="8064d1a7-644b-4581-aefd-13aab7d1b73f" testListId="8c84fa94-04c1-424b-9868-57a2d4851a1d" />
    <TestEntry testId="c89a5558-29d6-7160-12eb-04b76041b792" executionId="b3cdb205-3ca0-4293-a935-ef4cbcbdc07c" testListId="8c84fa94-04c1-424b-9868-57a2d4851a1d" />
    <TestEntry testId="74347e3e-a1d8-1a9b-e232-94cd87fba9da" executionId="93960de9-cc19-43e1-8f09-8d95e18f72c8" testListId="8c84fa94-04c1-424b-9868-57a2d4851a1d" />
    <TestEntry testId="4cdf9f31-7ede-faa6-6ff2-ef333e7d2891" executionId="f84edd10-8b27-4bf7-a913-16a7b3caf044" testListId="8c84fa94-04c1-424b-9868-57a2d4851a1d" />
    <TestEntry testId="527c432f-7b9f-89a4-0fdf-51a0955d2f53" executionId="9a1ce3c1-35aa-4baf-8e5f-cef1c2bc7164" testListId="8c84fa94-04c1-424b-9868-57a2d4851a1d" />
    <TestEntry testId="40d614e6-7e9b-4f95-0203-a116ba8d096e" executionId="3c23db35-5e56-41b6-876f-1bfe0baaa893" testListId="8c84fa94-04c1-424b-9868-57a2d4851a1d" />
    <TestEntry testId="ceeab19c-71f0-e90d-77bc-1c6fd0f8b27b" executionId="47d97923-c9b6-4a81-9ded-7ccb3e44a281" testListId="8c84fa94-04c1-424b-9868-57a2d4851a1d" />
    <TestEntry testId="5c304853-2900-2d00-f979-1d471ea6280b" executionId="d8459670-f9b7-4533-981c-f73c6139b905" testListId="8c84fa94-04c1-424b-9868-57a2d4851a1d" />
    <TestEntry testId="9836b323-2c87-fb96-c166-3e83946077c2" executionId="4a8b451a-1e7a-4aa3-98b0-4dbc50ca8fca" testListId="8c84fa94-04c1-424b-9868-57a2d4851a1d" />
    <TestEntry testId="2d6f5baf-662f-deaa-c19f-725a428dae0e" executionId="714c50bf-9364-4d88-9b7e-5fc59609835b" testListId="8c84fa94-04c1-424b-9868-57a2d4851a1d" />
    <TestEntry testId="2b9eeefb-40f0-28cc-b56f-d5142407c019" executionId="29f5eefb-ad83-4858-8c99-682aef959e68" testListId="8c84fa94-04c1-424b-9868-57a2d4851a1d" />
    <TestEntry testId="214564bd-ea08-a328-310a-6f9c8571a9e3" executionId="4f8e7cca-1519-4e5f-83d0-e925ccb53a45" testListId="8c84fa94-04c1-424b-9868-57a2d4851a1d" />
    <TestEntry testId="fa343bff-97c2-1efc-efd2-918bb0a79a3b" executionId="2fa3c449-56ba-43f2-b541-b117f3eaa7ef" testListId="8c84fa94-04c1-424b-9868-57a2d4851a1d" />
    <TestEntry testId="59704e7b-f8f7-ace3-2612-2279b1ecd6cb" executionId="4eab596a-5a3b-4504-ab1f-756ca9d3f88c" testListId="8c84fa94-04c1-424b-9868-57a2d4851a1d" />
    <TestEntry testId="32043394-70a0-5941-8429-df4a4a35fb7f" executionId="8d7ef8a1-c7fc-4838-8bc7-3ea9a20d7274" testListId="8c84fa94-04c1-424b-9868-57a2d4851a1d" />
    <TestEntry testId="d0b9e575-496b-d196-31e5-7e4d85411a18" executionId="547256f8-05d9-4684-b611-a1d6489b0ca2" testListId="8c84fa94-04c1-424b-9868-57a2d4851a1d" />
    <TestEntry testId="7d8112bd-f2c4-bfd9-ece4-ecb8a2c232fb" executionId="bcabac9f-f292-4eeb-9b48-79387078f4d4" testListId="8c84fa94-04c1-424b-9868-57a2d4851a1d" />
    <TestEntry testId="e334ac2e-a91d-9592-9a14-6e6af425e889" executionId="20eae23b-3a81-4e77-9259-0caeabb1c0a0" testListId="8c84fa94-04c1-424b-9868-57a2d4851a1d" />
    <TestEntry testId="082ec871-5a59-802f-3256-844756fbe9b1" executionId="eebcf627-19a9-4c62-a11c-a2bd924633e1" testListId="8c84fa94-04c1-424b-9868-57a2d4851a1d" />
    <TestEntry testId="110cc41d-29a2-9279-99dc-f27a2281aada" executionId="0d9b84bd-0292-4da0-8244-827e2382bf70" testListId="8c84fa94-04c1-424b-9868-57a2d4851a1d" />
    <TestEntry testId="c08d3024-24a3-dfd7-35fb-0af4da1be41c" executionId="fe1a5044-7716-45a3-a050-8347c7087459" testListId="8c84fa94-04c1-424b-9868-57a2d4851a1d" />
    <TestEntry testId="03af56e2-e8a0-255f-2502-d04084f84c6d" executionId="9fac397a-47c4-42a9-92e5-84103a0e1f3d" testListId="8c84fa94-04c1-424b-9868-57a2d4851a1d" />
    <TestEntry testId="d527f5d7-05c2-a5da-93c5-f2bb4391f844" executionId="b21a17b6-873b-4319-ae55-2f720e35dcfe" testListId="8c84fa94-04c1-424b-9868-57a2d4851a1d" />
    <TestEntry testId="c38d13c8-0943-0152-9d1f-27d7829b57da" executionId="498d2825-d1f8-4895-8c94-b9ee8bc3f18c" testListId="8c84fa94-04c1-424b-9868-57a2d4851a1d" />
    <TestEntry testId="a59558fc-da57-70d4-d51b-006c46a3cd4f" executionId="7589107f-296e-49d9-acb4-a87591aba09f" testListId="8c84fa94-04c1-424b-9868-57a2d4851a1d" />
    <TestEntry testId="53f95eb7-2fb5-a3ce-2c24-38ae34e88303" executionId="dc0ede56-c9fc-44a0-ab03-c99a9edeb0bc" testListId="8c84fa94-04c1-424b-9868-57a2d4851a1d" />
    <TestEntry testId="4174a4fc-f050-0a80-62f5-57efd360262b" executionId="9b9531fb-22c0-4d7a-8af0-5dff8cffc052" testListId="8c84fa94-04c1-424b-9868-57a2d4851a1d" />
    <TestEntry testId="ae436c36-f02d-230f-1c4c-60b211d751da" executionId="0120168e-843d-4e0a-a5c0-65e06a378017" testListId="8c84fa94-04c1-424b-9868-57a2d4851a1d" />
    <TestEntry testId="be57a587-ebca-72fa-2f95-7f5a530521d1" executionId="3ac8b66f-2dcf-47e5-a5ca-08356a9a5c0e" testListId="8c84fa94-04c1-424b-9868-57a2d4851a1d" />
    <TestEntry testId="b2fa0e24-81e1-9083-2786-28263d3bbbcb" executionId="12955c29-5bdc-47a9-b70c-c56ae80240d4" testListId="8c84fa94-04c1-424b-9868-57a2d4851a1d" />
    <TestEntry testId="dee71b95-4301-2055-80fa-558f55d588b8" executionId="a8185fd8-08ff-45e5-ad43-dff11ff5c4da" testListId="8c84fa94-04c1-424b-9868-57a2d4851a1d" />
    <TestEntry testId="a186e957-56e4-65e4-f837-8d9c700b6a34" executionId="3e6108ca-88bf-42d6-8ffd-a20408c5a185" testListId="8c84fa94-04c1-424b-9868-57a2d4851a1d" />
    <TestEntry testId="3f6312dc-2331-e755-d68a-8de3088e798d" executionId="5c613599-7f84-4799-84d2-33956622fff6" testListId="8c84fa94-04c1-424b-9868-57a2d4851a1d" />
    <TestEntry testId="d7aeee62-ca8d-2ca5-79b2-258e190e2d14" executionId="85d8e682-eda1-4a10-8dbd-434b60d67ebc" testListId="8c84fa94-04c1-424b-9868-57a2d4851a1d" />
    <TestEntry testId="36c68f6a-618c-9531-3e2e-cd6a7051a0a0" executionId="e73a0fb0-dcb9-4e2e-8f51-75b9fd4ee774" testListId="8c84fa94-04c1-424b-9868-57a2d4851a1d" />
    <TestEntry testId="b51c1be1-87ad-aecb-5eb0-76972efdcc49" executionId="e6f73475-3b86-4563-b070-5628c4c106ec" testListId="8c84fa94-04c1-424b-9868-57a2d4851a1d" />
    <TestEntry testId="60e43152-7193-1c31-7a7d-2c2ca162fc43" executionId="859c60a8-7408-48af-a5e3-fcad0b42e734" testListId="8c84fa94-04c1-424b-9868-57a2d4851a1d" />
    <TestEntry testId="f7bc6bd9-0c55-06bc-3749-64e5f6cece81" executionId="480fd9a2-3f9b-4d56-97ec-3ca1bdfee567" testListId="8c84fa94-04c1-424b-9868-57a2d4851a1d" />
    <TestEntry testId="51955c3e-f169-8197-3589-9f75f3dbe46a" executionId="2892278c-f9a6-4cbc-8c15-46e039e394b1" testListId="8c84fa94-04c1-424b-9868-57a2d4851a1d" />
    <TestEntry testId="ed4a8cda-fe0d-51ca-f3c3-34006db5689e" executionId="5e111c19-b142-461f-9e64-30bf688e9f22" testListId="8c84fa94-04c1-424b-9868-57a2d4851a1d" />
    <TestEntry testId="e8de6daf-b2f9-f07b-7db1-d7750158f399" executionId="409affc7-ea4b-4962-af68-172ff181dca9" testListId="8c84fa94-04c1-424b-9868-57a2d4851a1d" />
    <TestEntry testId="27566079-9486-e3c1-6494-91ca9ae44d79" executionId="18f9b528-3bb5-4104-bd6b-3fab964f1335" testListId="8c84fa94-04c1-424b-9868-57a2d4851a1d" />
    <TestEntry testId="ca2fec35-7917-d8b3-45aa-867bc3628911" executionId="3e3a1b91-eb7d-4c88-839e-8f89209ce9ea" testListId="8c84fa94-04c1-424b-9868-57a2d4851a1d" />
  </TestEntries>
  <TestLists>
    <TestList name="Results Not in a List" id="8c84fa94-04c1-424b-9868-57a2d4851a1d" />
    <TestList name="All Loaded Results" id="19431567-8539-422a-85d7-44ee4e166bda" />
  </TestLists>
  <ResultSummary outcome="Completed">
    <Counters total="56" executed="56" passed="56" failed="0" error="0" timeout="0" aborted="0" inconclusive="0" passedButRunAborted="0" notRunnable="0" notExecuted="0" disconnected="0" warning="0" completed="0" inProgress="0" pending="0" />
    <Output>
      <StdOut>[xUnit.net 00:00:00.00] xUnit.net VSTest Adapter v3.1.5+1b188a7b0a (64-bit Mono 6.12.0.200 (tarball Tue Jul 11 21:37:50 UTC 2023))
[xUnit.net 00:00:00.57]   Discovering: UnitTests
[xUnit.net 00:00:00.96]   Discovered:  UnitTests
[xUnit.net 00:00:01.06]   Starting:    UnitTests
[xUnit.net 00:00:04.19]   Finished:    UnitTests
</StdOut>
    </Output>
  </ResultSummary>
</TestRun>