<?xml version="1.0" encoding="utf-8"?>
<TestRun id="0646fb57-eb65-44ec-ba40-70d9e0820d2e" name="@runnervm4c2pk 2026-01-14 05:55:10" xmlns="http://microsoft.com/schemas/VisualStudio/TeamTest/2010">
  <Times creation="2026-01-14T05:55:10.3557849+00:00" queuing="2026-01-14T05:55:10.3557850+00:00" start="2026-01-14T05:55:08.3710808+00:00" finish="2026-01-14T05:55:13.0406784+00:00" />
  <TestSettings name="default" id="1f5f0d18-e32f-4b31-a0b0-4a44dcd1dd1b">
    <Deployment runDeploymentRoot="_runnervm4c2pk_2026-01-14_05_55_10" />
  </TestSettings>
  <Results>
    <UnitTestResult executionId="5026a9a9-18ac-49d8-81fd-0120049fd44c" testId="c89a5558-29d6-7160-12eb-04b76041b792" testName="UnitTests.Data.Repositories.GenericRepositoryTests.Repository_Update_UsesUserId" computerName="runnervm4c2pk" duration="00:00:00.0180000" startTime="2026-01-14T05:55:12.6924920+00:00" endTime="2026-01-14T05:55:12.7114770+00:00" testType="13cdc9d9-ddb5-4fa4-a97d-d965ccfc6d4b" outcome="Passed" testListId="8c84fa94-04c1-424b-9868-57a2d4851a1d" relativeResultsDirectory="5026a9a9-18ac-49d8-81fd-0120049fd44c" />
    <UnitTestResult executionId="be9a1fa6-044f-4728-b3b9-84025d6825ff" testId="c38d13c8-0943-0152-9d1f-27d7829b57da" testName="UnitTests.Data.Repositories.GenericRepositoryTests.GenericRepositoryCreate_ThrowsWithNullEntity" computerName="runnervm4c2pk" duration="00:00:00.0040000" startTime="2026-01-14T05:55:12.3415800+00:00" endTime="2026-01-14T05:55:12.3623650+00:00" testType="13cdc9d9-ddb5-4fa4-a97d-d965ccfc6d4b" outcome="Passed" testListId="8c84fa94-04c1-424b-9868-57a2d4851a1d" relativeResultsDirectory="be9a1fa6-044f-4728-b3b9-84025d6825ff" />
    <UnitTestResult executionId="81f9bd2e-424d-491b-93d3-0c1955286ae5" testId="53f95eb7-2fb5-a3ce-2c24-38ae34e88303" testName="UnitTests.Controllers.ModuleApiControllerTests.HasUserInfo" computerName="runnervm4c2pk" duration="00:00:00.1080000" startTime="2026-01-14T05:55:10.2421520+00:00" endTime="2026-01-14T05:55:10.5004400+00:00" testType="13cdc9d9-ddb5-4fa4-a97d-d965ccfc6d4b" outcome="Passed" testListId="8c84fa94-04c1-424b-9868-57a2d4851a1d" relativeResultsDirectory="81f9bd2e-424d-491b-93d3-0c1955286ae5" />
    <UnitTestResult executionId="c63f4f5a-0182-48e2-940b-4d3d831c1672" testId="bd3351a7-b43b-1510-2d3f-11bb62aa88d7" testName="UnitTests.Controllers.LocalizationControllerTests.GetLocalization_CallsLocalizationService" computerName="runnervm4c2pk" duration="00:00:00.1700000" startTime="2026-01-14T05:55:09.8575970+00:00" endTime="2026-01-14T05:55:10.3954920+00:00" testType="13cdc9d9-ddb5-4fa4-a97d-d965ccfc6d4b" outcome="Passed" testListId="8c84fa94-04c1-424b-9868-57a2d4851a1d" relativeResultsDirectory="c63f4f5a-0182-48e2-940b-4d3d831c1672" />
    <UnitTestResult executionId="a50fff74-7a31-4b6d-b367-b33d559f9603" testId="a59558fc-da57-70d4-d51b-006c46a3cd4f" testName="UnitTests.Data.Repositories.GenericRepositoryTests.GenericRepositoryUpdates" computerName="runnervm4c2pk" duration="00:00:00.0350000" startTime="2026-01-14T05:55:12.3949270+00:00" endTime="2026-01-14T05:55:12.4175810+00:00" testType="13cdc9d9-ddb5-4fa4-a97d-d965ccfc6d4b" outcome="Passed" testListId="8c84fa94-04c1-424b-9868-57a2d4851a1d" relativeResultsDirectory="a50fff74-7a31-4b6d-b367-b33d559f9603" />
    <UnitTestResult executionId="85efc697-8fd5-4c60-aebe-50783abb05f0" testId="e8de6daf-b2f9-f07b-7db1-d7750158f399" testName="UnitTests.Data.Repositories.GenericRepositoryTests.Repository_Create_UsesUserId" computerName="runnervm4c2pk" duration="00:00:00.0130000" startTime="2026-01-14T05:55:11.9875980+00:00" endTime="2026-01-14T05:55:12.0078770+00:00" testType="13cdc9d9-ddb5-4fa4-a97d-d965ccfc6d4b" outcome="Passed" testListId="8c84fa94-04c1-424b-9868-57a2d4851a1d" relativeResultsDirectory="85efc697-8fd5-4c60-aebe-50783abb05f0" />
    <UnitTestResult executionId="839c84a7-4831-41f3-8a6f-74dd66a6942e" testId="38eae053-145d-f86c-9ed5-dae375692ec3" testName="UnitTests.Providers.DateTimeProviderTests.DateTimeProvider_ProvidesUtc" computerName="runnervm4c2pk" duration="00:00:00.1520000" startTime="2026-01-14T05:55:09.8509770+00:00" endTime="2026-01-14T05:55:10.2631740+00:00" testType="13cdc9d9-ddb5-4fa4-a97d-d965ccfc6d4b" outcome="Passed" testListId="8c84fa94-04c1-424b-9868-57a2d4851a1d" relativeResultsDirectory="839c84a7-4831-41f3-8a6f-74dd66a6942e" />
    <UnitTestResult executionId="2e632497-4121-4350-80ef-37849a65e8d9" testId="9836b323-2c87-fb96-c166-3e83946077c2" testName="UnitTests.Data.Repositories.GenericRepositoryTests.GenericRepositoryUpdate_ThrowsWithNullEntity" computerName="runnervm4c2pk" duration="00:00:00.0010000" startTime="2026-01-14T05:55:12.7343890+00:00" endTime="2026-01-14T05:55:12.7539170+00:00" testType="13cdc9d9-ddb5-4fa4-a97d-d965ccfc6d4b" outcome="Passed" testListId="8c84fa94-04c1-424b-9868-57a2d4851a1d" relativeResultsDirectory="2e632497-4121-4350-80ef-37849a65e8d9" />
    <UnitTestResult executionId="5abfe27d-a641-43e6-b47a-d1afa380fef5" testId="20272210-340c-8b95-1194-eff3787f3e46" testName="UnitTests.Data.Repositories.GenericRepositoryTests.GenericRepositoryGetsAll(iterations: 1)" computerName="runnervm4c2pk" duration="00:00:00.0180000" startTime="2026-01-14T05:55:11.8495930+00:00" endTime="2026-01-14T05:55:11.8703640+00:00" testType="13cdc9d9-ddb5-4fa4-a97d-d965ccfc6d4b" outcome="Passed" testListId="8c84fa94-04c1-424b-9868-57a2d4851a1d" relativeResultsDirectory="5abfe27d-a641-43e6-b47a-d1afa380fef5" />
    <UnitTestResult executionId="c705cb8b-4df2-478e-a731-4b32d268f707" testId="b75181a9-0ec4-2ff3-9e36-471de6d930df" testName="UnitTests.Data.Repositories.GenericRepositoryTests.GenericRepositoryConstructs" computerName="runnervm4c2pk" duration="00:00:00.0010000" startTime="2026-01-14T05:55:12.5172290+00:00" endTime="2026-01-14T05:55:12.5492270+00:00" testType="13cdc9d9-ddb5-4fa4-a97d-d965ccfc6d4b" outcome="Passed" testListId="8c84fa94-04c1-424b-9868-57a2d4851a1d" relativeResultsDirectory="c705cb8b-4df2-478e-a731-4b32d268f707" />
    <UnitTestResult executionId="bace798a-883a-4829-87ac-b49868778a0c" testId="81cc43d9-8c80-da23-fbb4-6a3d2970824d" testName="UnitTests.Controllers.ServiceRouteMapperTests.RegisterRoutes_RegistersAtLestOneRoute" computerName="runnervm4c2pk" duration="00:00:00.0750000" startTime="2026-01-14T05:55:10.4870560+00:00" endTime="2026-01-14T05:55:10.5713710+00:00" testType="13cdc9d9-ddb5-4fa4-a97d-d965ccfc6d4b" outcome="Passed" testListId="8c84fa94-04c1-424b-9868-57a2d4851a1d" relativeResultsDirectory="bace798a-883a-4829-87ac-b49868778a0c" />
    <UnitTestResult executionId="aa82f1f5-a36a-4645-9f69-5be8c338c269" testId="b2fa0e24-81e1-9083-2786-28263d3bbbcb" testName="UnitTests.Controllers.ModuleApiControllerTests.CanEdit_DefaultsToFalse" computerName="runnervm4c2pk" duration="00:00:00.0080000" startTime="2026-01-14T05:55:10.5257010+00:00" endTime="2026-01-14T05:55:10.5425700+00:00" testType="13cdc9d9-ddb5-4fa4-a97d-d965ccfc6d4b" outcome="Passed" testListId="8c84fa94-04c1-424b-9868-57a2d4851a1d" relativeResultsDirectory="aa82f1f5-a36a-4645-9f69-5be8c338c269" />
    <UnitTestResult executionId="663c175d-b4e3-4a2e-b6df-3a8fc398b9a4" testId="27566079-9486-e3c1-6494-91ca9ae44d79" testName="UnitTests.Data.Repositories.GenericRepositoryTests.GenericRepositoryDeletes" computerName="runnervm4c2pk" duration="00:00:00.0390000" startTime="2026-01-14T05:55:11.9376390+00:00" endTime="2026-01-14T05:55:11.9614660+00:00" testType="13cdc9d9-ddb5-4fa4-a97d-d965ccfc6d4b" outcome="Passed" testListId="8c84fa94-04c1-424b-9868-57a2d4851a1d" relativeResultsDirectory="663c175d-b4e3-4a2e-b6df-3a8fc398b9a4" />
    <UnitTestResult executionId="9d4fda6a-e7d5-4e6f-982d-9c5b6713416c" testId="051fc54f-7074-2910-0417-4c911d54f4b2" testName="UnitTests.Data.Repositories.GenericRepositoryTests.Pages_With_Related_Entities" computerName="runnervm4c2pk" duration="00:00:00.1970000" startTime="2026-01-14T05:55:12.5885000+00:00" endTime="2026-01-14T05:55:12.6193550+00:00" testType="13cdc9d9-ddb5-4fa4-a97d-d965ccfc6d4b" outcome="Passed" testListId="8c84fa94-04c1-424b-9868-57a2d4851a1d" relativeResultsDirectory="9d4fda6a-e7d5-4e6f-982d-9c5b6713416c" />
    <UnitTestResult executionId="a1ecf571-c605-4fbc-a4e1-6b865f46e6ac" testId="fa343bff-97c2-1efc-efd2-918bb0a79a3b" testName="UnitTests.Data.Repositories.GenericRepositoryTests.GenericRepositoryGet" computerName="runnervm4c2pk" duration="00:00:00.0290000" startTime="2026-01-14T05:55:12.2895700+00:00" endTime="2026-01-14T05:55:12.3147530+00:00" testType="13cdc9d9-ddb5-4fa4-a97d-d965ccfc6d4b" outcome="Passed" testListId="8c84fa94-04c1-424b-9868-57a2d4851a1d" relativeResultsDirectory="a1ecf571-c605-4fbc-a4e1-6b865f46e6ac" />
    <UnitTestResult executionId="b8b0faa5-eba7-4491-88c0-13522ece4d1e" testId="527c432f-7b9f-89a4-0fdf-51a0955d2f53" testName="UnitTests.Data.Repositories.GenericRepositoryTests.GetPage_Pages(page: 3, pageSize: 20, expectedItems: 10, expectedPages: 3)" computerName="runnervm4c2pk" duration="00:00:00.0750000" startTime="2026-01-14T05:55:12.2081200+00:00" endTime="2026-01-14T05:55:12.2584700+00:00" testType="13cdc9d9-ddb5-4fa4-a97d-d965ccfc6d4b" outcome="Passed" testListId="8c84fa94-04c1-424b-9868-57a2d4851a1d" relativeResultsDirectory="b8b0faa5-eba7-4491-88c0-13522ece4d1e" />
    <UnitTestResult executionId="9583ec25-63e0-4ed4-a189-879762397fc3" testId="f7bc6bd9-0c55-06bc-3749-64e5f6cece81" testName="UnitTests.Controllers.ModuleApiControllerTests.CanEdit_Set_Throws" computerName="runnervm4c2pk" duration="00:00:00.0020000" startTime="2026-01-14T05:55:10.1841080+00:00" endTime="2026-01-14T05:55:10.2060340+00:00" testType="13cdc9d9-ddb5-4fa4-a97d-d965ccfc6d4b" outcome="Passed" testListId="8c84fa94-04c1-424b-9868-57a2d4851a1d" relativeResultsDirectory="9583ec25-63e0-4ed4-a189-879762397fc3" />
    <UnitTestResult executionId="be07493b-006f-421b-b32d-bb6bb9d9dca9" testId="d527f5d7-05c2-a5da-93c5-f2bb4391f844" testName="UnitTests.Data.Repositories.GenericRepositoryTests.GenericRepositoryCreatesAndGetsById" computerName="runnervm4c2pk" duration="00:00:00.0700000" startTime="2026-01-14T05:55:12.8212360+00:00" endTime="2026-01-14T05:55:12.8405240+00:00" testType="13cdc9d9-ddb5-4fa4-a97d-d965ccfc6d4b" outcome="Passed" testListId="8c84fa94-04c1-424b-9868-57a2d4851a1d" relativeResultsDirectory="be07493b-006f-421b-b32d-bb6bb9d9dca9" />
    <UnitTestResult executionId="d41eef52-e403-4a65-ada7-9b900fb9eea6" testId="74347e3e-a1d8-1a9b-e232-94cd87fba9da" testName="UnitTests.Data.Repositories.GenericRepositoryTests.GetPage_Pages(page: 1, pageSize: 10, expectedItems: 10, expectedPages: 5)" computerName="runnervm4c2pk" duration="00:00:00.0630000" startTime="2026-01-14T05:55:12.1527110+00:00" endTime="2026-01-14T05:55:12.1824340+00:00" testType="13cdc9d9-ddb5-4fa4-a97d-d965ccfc6d4b" outcome="Passed" testListId="8c84fa94-04c1-424b-9868-57a2d4851a1d" relativeResultsDirectory="d41eef52-e403-4a65-ada7-9b900fb9eea6" />
    <UnitTestResult executionId="d8185369-745f-4f78-a96a-5bb37933e066" testId="110cc41d-29a2-9279-99dc-f27a2281aada" testName="UnitTests.StartupTests.Startup_RegistersAllRequiredServices" computerName="runnervm4c2pk" duration="00:00:00.0070000" startTime="2026-01-14T05:55:10.1015700+00:00" endTime="2026-01-14T05:55:10.1135910+00:00" testType="13cdc9d9-ddb5-4fa4-a97d-d965ccfc6d4b" outcome="Passed" testListId="8c84fa94-04c1-424b-9868-57a2d4851a1d" relativeResultsDirectory="d8185369-745f-4f78-a96a-5bb37933e066" />
    <UnitTestResult executionId="f764b9a6-963e-4444-87ae-6d9d5eb097f6" testId="082ec871-5a59-802f-3256-844756fbe9b1" testName="UnitTests.Data.Repositories.GenericRepositoryTests.GetPage_Pages(page: 0, pageSize: 0, expectedItems: 1, expectedPages: 50)" computerName="runnervm4c2pk" duration="00:00:00.2240000" startTime="2026-01-14T05:55:12.0430950+00:00" endTime="2026-01-14T05:55:12.1219570+00:00" testType="13cdc9d9-ddb5-4fa4-a97d-d965ccfc6d4b" outcome="Passed" testListId="8c84fa94-04c1-424b-9868-57a2d4851a1d" relativeResultsDirectory="f764b9a6-963e-4444-87ae-6d9d5eb097f6" />
    <UnitTestResult executionId="83c0a915-f019-48ad-ac68-d97711bac2d9" testId="d7aeee62-ca8d-2ca5-79b2-258e190e2d14" testName="UnitTests.Data.Repositories.GenericRepositoryTests.Repository_Create_DefaultAudit" computerName="runnervm4c2pk" duration="00:00:00.0150000" startTime="2026-01-14T05:55:12.7769890+00:00" endTime="2026-01-14T05:55:12.7967190+00:00" testType="13cdc9d9-ddb5-4fa4-a97d-d965ccfc6d4b" outcome="Passed" testListId="8c84fa94-04c1-424b-9868-57a2d4851a1d" relativeResultsDirectory="83c0a915-f019-48ad-ac68-d97711bac2d9" />
    <UnitTestResult executionId="f923671d-425a-4ffa-882f-6cb4c60e94fe" testId="78191585-3baa-784c-b6e5-3c7e13ea0966" testName="UnitTests.Extensions.IQueryableExtensionsTests.Order_OrdersBothWays(descending: True, expected: [3, 2, 1])" computerName="runnervm4c2pk" duration="00:00:00.0010000" startTime="2026-01-14T05:55:09.9811200+00:00" endTime="2026-01-14T05:55:10.0526030+00:00" testType="13cdc9d9-ddb5-4fa4-a97d-d965ccfc6d4b" outcome="Passed" testListId="8c84fa94-04c1-424b-9868-57a2d4851a1d" relativeResultsDirectory="f923671d-425a-4ffa-882f-6cb4c60e94fe" />
    <UnitTestResult executionId="5f2eb603-373f-40e7-87ac-b0c7d58af3fc" testId="e334ac2e-a91d-9592-9a14-6e6af425e889" testName="UnitTests.Data.Repositories.GenericRepositoryTests.GenericRepositoryGetsAll(iterations: 2)" computerName="runnervm4c2pk" duration="00:00:01.7880000" startTime="2026-01-14T05:55:10.3839630+00:00" endTime="2026-01-14T05:55:11.7854150+00:00" testType="13cdc9d9-ddb5-4fa4-a97d-d965ccfc6d4b" outcome="Passed" testListId="8c84fa94-04c1-424b-9868-57a2d4851a1d" relativeResultsDirectory="5f2eb603-373f-40e7-87ac-b0c7d58af3fc" />
    <UnitTestResult executionId="2b98a370-57d7-4273-a06d-7a0fccc26a45" testId="dee71b95-4301-2055-80fa-558f55d588b8" testName="UnitTests.Data.Repositories.GenericRepositoryTests.GenericRepositoryGetsAll(iterations: 3)" computerName="runnervm4c2pk" duration="00:00:00.0190000" startTime="2026-01-14T05:55:11.8902300+00:00" endTime="2026-01-14T05:55:11.9110770+00:00" testType="13cdc9d9-ddb5-4fa4-a97d-d965ccfc6d4b" outcome="Passed" testListId="8c84fa94-04c1-424b-9868-57a2d4851a1d" relativeResultsDirectory="2b98a370-57d7-4273-a06d-7a0fccc26a45" />
    <UnitTestResult executionId="df4dde66-4096-4729-8aca-a8c67ddd38ab" testId="59704e7b-f8f7-ace3-2612-2279b1ecd6cb" testName="UnitTests.Data.Repositories.GenericRepositoryTests.Repository_DeleteMissing_DoesNotThrow" computerName="runnervm4c2pk" duration="00:00:00.0460000" startTime="2026-01-14T05:55:12.4494530+00:00" endTime="2026-01-14T05:55:12.4777060+00:00" testType="13cdc9d9-ddb5-4fa4-a97d-d965ccfc6d4b" outcome="Passed" testListId="8c84fa94-04c1-424b-9868-57a2d4851a1d" relativeResultsDirectory="df4dde66-4096-4729-8aca-a8c67ddd38ab" />
    <UnitTestResult executionId="241256fc-0e8e-4ffe-bd1f-4a3c63695aa1" testId="fb4d7e06-b0f6-3c4f-5b1a-c6c31cafa1f7" testName="UnitTests.Extensions.IQueryableExtensionsTests.Order_OrdersBothWays(descending: False, expected: [1, 2, 3])" computerName="runnervm4c2pk" duration="00:00:00.1030000" startTime="2026-01-14T05:55:09.8622660+00:00" endTime="2026-01-14T05:55:09.9343930+00:00" testType="13cdc9d9-ddb5-4fa4-a97d-d965ccfc6d4b" outcome="Passed" testListId="8c84fa94-04c1-424b-9868-57a2d4851a1d" relativeResultsDirectory="241256fc-0e8e-4ffe-bd1f-4a3c63695aa1" />
    <UnitTestResult executionId="cc1ba064-4ae9-4f78-a1ae-d3e86faf458a" testId="b7610a9b-6030-af40-bb84-d88d1eb15547" testName="UnitTests.Providers.DateTimeProviderTests.DateTimeProvider_CanBeMocked" computerName="runnervm4c2pk" duration="00:00:00.0160000" startTime="2026-01-14T05:55:10.3192300+00:00" endTime="2026-01-14T05:55:10.3403650+00:00" testType="13cdc9d9-ddb5-4fa4-a97d-d965ccfc6d4b" outcome="Passed" testListId="8c84fa94-04c1-424b-9868-57a2d4851a1d" relativeResultsDirectory="cc1ba064-4ae9-4f78-a1ae-d3e86faf458a" />
    <UnitTestResult executionId="f839e5c5-0c52-4835-adf6-8b8f86f4f109" testId="3f6312dc-2331-e755-d68a-8de3088e798d" testName="UnitTests.Data.Repositories.GenericRepositoryTests.Repository_Update_DefaultAudit" computerName="runnervm4c2pk" duration="00:00:00.0170000" startTime="2026-01-14T05:55:12.6481470+00:00" endTime="2026-01-14T05:55:12.6690170+00:00" testType="13cdc9d9-ddb5-4fa4-a97d-d965ccfc6d4b" outcome="Passed" testListId="8c84fa94-04c1-424b-9868-57a2d4851a1d" relativeResultsDirectory="f839e5c5-0c52-4835-adf6-8b8f86f4f109" />
    <UnitTestResult executionId="e966eb8e-6886-4bad-b832-573dd5eca466" testId="60e43152-7193-1c31-7a7d-2c2ca162fc43" testName="UnitTests.Data.Repositories.GenericRepositoryTests.GenericRepositoryGetsAll(iterations: 0)" computerName="runnervm4c2pk" duration="00:00:00.0190000" startTime="2026-01-14T05:55:11.8079710+00:00" endTime="2026-01-14T05:55:11.8296620+00:00" testType="13cdc9d9-ddb5-4fa4-a97d-d965ccfc6d4b" outcome="Passed" testListId="8c84fa94-04c1-424b-9868-57a2d4851a1d" relativeResultsDirectory="e966eb8e-6886-4bad-b832-573dd5eca466" />
    <UnitTestResult executionId="bd29586a-32bc-410b-9d8e-d49f176652d0" testId="4174a4fc-f050-0a80-62f5-57efd360262b" testName="UnitTests.Common.GlobalsTests.ModulePrefixIsValid" computerName="runnervm4c2pk" duration="00:00:00.0010000" startTime="2026-01-14T05:55:10.4387820+00:00" endTime="2026-01-14T05:55:10.4514510+00:00" testType="13cdc9d9-ddb5-4fa4-a97d-d965ccfc6d4b" outcome="Passed" testListId="8c84fa94-04c1-424b-9868-57a2d4851a1d" relativeResultsDirectory="bd29586a-32bc-410b-9d8e-d49f176652d0" />
  </Results>
  <TestDefinitions>
    <UnitTest name="UnitTests.Data.Repositories.GenericRepositoryTests.GenericRepositoryConstructs" storage="/home/runner/work/dnn.uservoice/dnn.uservoice/unittests/bin/release/unittests.dll" id="b75181a9-0ec4-2ff3-9e36-471de6d930df">
      <Execution id="c705cb8b-4df2-478e-a731-4b32d268f707" />
      <TestMethod codeBase="/home/runner/work/DNN.UserVoice/DNN.UserVoice/UnitTests/bin/Release/UnitTests.dll" adapterTypeName="executor://xunit/VsTestRunner3/netfx/" className="UnitTests.Data.Repositories.GenericRepositoryTests" name="GenericRepositoryConstructs" />
    </UnitTest>
    <UnitTest name="UnitTests.Controllers.ModuleApiControllerTests.CanEdit_Set_Throws" storage="/home/runner/work/dnn.uservoice/dnn.uservoice/unittests/bin/release/unittests.dll" id="f7bc6bd9-0c55-06bc-3749-64e5f6cece81">
      <Execution id="9583ec25-63e0-4ed4-a189-879762397fc3" />
      <TestMethod codeBase="/home/runner/work/DNN.UserVoice/DNN.UserVoice/UnitTests/bin/Release/UnitTests.dll" adapterTypeName="executor://xunit/VsTestRunner3/netfx/" className="UnitTests.Controllers.ModuleApiControllerTests" name="CanEdit_Set_Throws" />
    </UnitTest>
    <UnitTest name="UnitTests.Data.Repositories.GenericRepositoryTests.GenericRepositoryDeletes" storage="/home/runner/work/dnn.uservoice/dnn.uservoice/unittests/bin/release/unittests.dll" id="27566079-9486-e3c1-6494-91ca9ae44d79">
      <Execution id="663c175d-b4e3-4a2e-b6df-3a8fc398b9a4" />
      <TestMethod codeBase="/home/runner/work/DNN.UserVoice/DNN.UserVoice/UnitTests/bin/Release/UnitTests.dll" adapterTypeName="executor://xunit/VsTestRunner3/netfx/" className="UnitTests.Data.Repositories.GenericRepositoryTests" name="GenericRepositoryDeletes" />
    </UnitTest>
    <UnitTest name="UnitTests.StartupTests.Startup_RegistersAllRequiredServices" storage="/home/runner/work/dnn.uservoice/dnn.uservoice/unittests/bin/release/unittests.dll" id="110cc41d-29a2-9279-99dc-f27a2281aada">
      <Execution id="d8185369-745f-4f78-a96a-5bb37933e066" />
      <TestMethod codeBase="/home/runner/work/DNN.UserVoice/DNN.UserVoice/UnitTests/bin/Release/UnitTests.dll" adapterTypeName="executor://xunit/VsTestRunner3/netfx/" className="UnitTests.StartupTests" name="Startup_RegistersAllRequiredServices" />
    </UnitTest>
    <UnitTest name="UnitTests.Extensions.IQueryableExtensionsTests.Order_OrdersBothWays(descending: True, expected: [3, 2, 1])" storage="/home/runner/work/dnn.uservoice/dnn.uservoice/unittests/bin/release/unittests.dll" id="78191585-3baa-784c-b6e5-3c7e13ea0966">
      <Execution id="f923671d-425a-4ffa-882f-6cb4c60e94fe" />
      <TestMethod codeBase="/home/runner/work/DNN.UserVoice/DNN.UserVoice/UnitTests/bin/Release/UnitTests.dll" adapterTypeName="executor://xunit/VsTestRunner3/netfx/" className="UnitTests.Extensions.IQueryableExtensionsTests" name="Order_OrdersBothWays" />
    </UnitTest>
    <UnitTest name="UnitTests.Extensions.IQueryableExtensionsTests.Order_OrdersBothWays(descending: False, expected: [1, 2, 3])" storage="/home/runner/work/dnn.uservoice/dnn.uservoice/unittests/bin/release/unittests.dll" id="fb4d7e06-b0f6-3c4f-5b1a-c6c31cafa1f7">
      <Execution id="241256fc-0e8e-4ffe-bd1f-4a3c63695aa1" />
      <TestMethod codeBase="/home/runner/work/DNN.UserVoice/DNN.UserVoice/UnitTests/bin/Release/UnitTests.dll" adapterTypeName="executor://xunit/VsTestRunner3/netfx/" className="UnitTests.Extensions.IQueryableExtensionsTests" name="Order_OrdersBothWays" />
    </UnitTest>
    <UnitTest name="UnitTests.Data.Repositories.GenericRepositoryTests.GenericRepositoryUpdate_ThrowsWithNullEntity" storage="/home/runner/work/dnn.uservoice/dnn.uservoice/unittests/bin/release/unittests.dll" id="9836b323-2c87-fb96-c166-3e83946077c2">
      <Execution id="2e632497-4121-4350-80ef-37849a65e8d9" />
      <TestMethod codeBase="/home/runner/work/DNN.UserVoice/DNN.UserVoice/UnitTests/bin/Release/UnitTests.dll" adapterTypeName="executor://xunit/VsTestRunner3/netfx/" className="UnitTests.Data.Repositories.GenericRepositoryTests" name="GenericRepositoryUpdate_ThrowsWithNullEntity" />
    </UnitTest>
    <UnitTest name="UnitTests.Data.Repositories.GenericRepositoryTests.Repository_Create_UsesUserId" storage="/home/runner/work/dnn.uservoice/dnn.uservoice/unittests/bin/release/unittests.dll" id="e8de6daf-b2f9-f07b-7db1-d7750158f399">
      <Execution id="85efc697-8fd5-4c60-aebe-50783abb05f0" />
      <TestMethod codeBase="/home/runner/work/DNN.UserVoice/DNN.UserVoice/UnitTests/bin/Release/UnitTests.dll" adapterTypeName="executor://xunit/VsTestRunner3/netfx/" className="UnitTests.Data.Repositories.GenericRepositoryTests" name="Repository_Create_UsesUserId" />
    </UnitTest>
    <UnitTest name="UnitTests.Data.Repositories.GenericRepositoryTests.GenericRepositoryGet" storage="/home/runner/work/dnn.uservoice/dnn.uservoice/unittests/bin/release/unittests.dll" id="fa343bff-97c2-1efc-efd2-918bb0a79a3b">
      <Execution id="a1ecf571-c605-4fbc-a4e1-6b865f46e6ac" />
      <TestMethod codeBase="/home/runner/work/DNN.UserVoice/DNN.UserVoice/UnitTests/bin/Release/UnitTests.dll" adapterTypeName="executor://xunit/VsTestRunner3/netfx/" className="UnitTests.Data.Repositories.GenericRepositoryTests" name="GenericRepositoryGet" />
    </UnitTest>
    <UnitTest name="UnitTests.Data.Repositories.GenericRepositoryTests.GenericRepositoryCreatesAndGetsById" storage="/home/runner/work/dnn.uservoice/dnn.uservoice/unittests/bin/release/unittests.dll" id="d527f5d7-05c2-a5da-93c5-f2bb4391f844">
      <Execution id="be07493b-006f-421b-b32d-bb6bb9d9dca9" />
      <TestMethod codeBase="/home/runner/work/DNN.UserVoice/DNN.UserVoice/UnitTests/bin/Release/UnitTests.dll" adapterTypeName="executor://xunit/VsTestRunner3/netfx/" className="UnitTests.Data.Repositories.GenericRepositoryTests" name="GenericRepositoryCreatesAndGetsById" />
    </UnitTest>
    <UnitTest name="UnitTests.Data.Repositories.GenericRepositoryTests.GenericRepositoryGetsAll(iterations: 0)" storage="/home/runner/work/dnn.uservoice/dnn.uservoice/unittests/bin/release/unittests.dll" id="60e43152-7193-1c31-7a7d-2c2ca162fc43">
      <Execution id="e966eb8e-6886-4bad-b832-573dd5eca466" />
      <TestMethod codeBase="/home/runner/work/DNN.UserVoice/DNN.UserVoice/UnitTests/bin/Release/UnitTests.dll" adapterTypeName="executor://xunit/VsTestRunner3/netfx/" className="UnitTests.Data.Repositories.GenericRepositoryTests" name="GenericRepositoryGetsAll" />
    </UnitTest>
    <UnitTest name="UnitTests.Controllers.LocalizationControllerTests.GetLocalization_CallsLocalizationService" storage="/home/runner/work/dnn.uservoice/dnn.uservoice/unittests/bin/release/unittests.dll" id="bd3351a7-b43b-1510-2d3f-11bb62aa88d7">
      <Execution id="c63f4f5a-0182-48e2-940b-4d3d831c1672" />
      <TestMethod codeBase="/home/runner/work/DNN.UserVoice/DNN.UserVoice/UnitTests/bin/Release/UnitTests.dll" adapterTypeName="executor://xunit/VsTestRunner3/netfx/" className="UnitTests.Controllers.LocalizationControllerTests" name="GetLocalization_CallsLocalizationService" />
    </UnitTest>
    <UnitTest name="UnitTests.Data.Repositories.GenericRepositoryTests.Repository_Create_DefaultAudit" storage="/home/runner/work/dnn.uservoice/dnn.uservoice/unittests/bin/release/unittests.dll" id="d7aeee62-ca8d-2ca5-79b2-258e190e2d14">
      <Execution id="83c0a915-f019-48ad-ac68-d97711bac2d9" />
      <TestMethod codeBase="/home/runner/work/DNN.UserVoice/DNN.UserVoice/UnitTests/bin/Release/UnitTests.dll" adapterTypeName="executor://xunit/VsTestRunner3/netfx/" className="UnitTests.Data.Repositories.GenericRepositoryTests" name="Repository_Create_DefaultAudit" />
    </UnitTest>
    <UnitTest name="UnitTests.Data.Repositories.GenericRepositoryTests.GenericRepositoryCreate_ThrowsWithNullEntity" storage="/home/runner/work/dnn.uservoice/dnn.uservoice/unittests/bin/release/unittests.dll" id="c38d13c8-0943-0152-9d1f-27d7829b57da">
      <Execution id="be9a1fa6-044f-4728-b3b9-84025d6825ff" />
      <TestMethod codeBase="/home/runner/work/DNN.UserVoice/DNN.UserVoice/UnitTests/bin/Release/UnitTests.dll" adapterTypeName="executor://xunit/VsTestRunner3/netfx/" className="UnitTests.Data.Repositories.GenericRepositoryTests" name="GenericRepositoryCreate_ThrowsWithNullEntity" />
    </UnitTest>
    <UnitTest name="UnitTests.Controllers.ModuleApiControllerTests.HasUserInfo" storage="/home/runner/work/dnn.uservoice/dnn.uservoice/unittests/bin/release/unittests.dll" id="53f95eb7-2fb5-a3ce-2c24-38ae34e88303">
      <Execution id="81f9bd2e-424d-491b-93d3-0c1955286ae5" />
      <TestMethod codeBase="/home/runner/work/DNN.UserVoice/DNN.UserVoice/UnitTests/bin/Release/UnitTests.dll" adapterTypeName="executor://xunit/VsTestRunner3/netfx/" className="UnitTests.Controllers.ModuleApiControllerTests" name="HasUserInfo" />
    </UnitTest>
    <UnitTest name="UnitTests.Data.Repositories.GenericRepositoryTests.Pages_With_Related_Entities" storage="/home/runner/work/dnn.uservoice/dnn.uservoice/unittests/bin/release/unittests.dll" id="051fc54f-7074-2910-0417-4c911d54f4b2">
      <Execution id="9d4fda6a-e7d5-4e6f-982d-9c5b6713416c" />
      <TestMethod codeBase="/home/runner/work/DNN.UserVoice/DNN.UserVoice/UnitTests/bin/Release/UnitTests.dll" adapterTypeName="executor://xunit/VsTestRunner3/netfx/" className="UnitTests.Data.Repositories.GenericRepositoryTests" name="Pages_With_Related_Entities" />
    </UnitTest>
    <UnitTest name="UnitTests.Data.Repositories.GenericRepositoryTests.GetPage_Pages(page: 0, pageSize: 0, expectedItems: 1, expectedPages: 50)" storage="/home/runner/work/dnn.uservoice/dnn.uservoice/unittests/bin/release/unittests.dll" id="082ec871-5a59-802f-3256-844756fbe9b1">
      <Execution id="f764b9a6-963e-4444-87ae-6d9d5eb097f6" />
      <TestMethod codeBase="/home/runner/work/DNN.UserVoice/DNN.UserVoice/UnitTests/bin/Release/UnitTests.dll" adapterTypeName="executor://xunit/VsTestRunner3/netfx/" className="UnitTests.Data.Repositories.GenericRepositoryTests" name="GetPage_Pages" />
    </UnitTest>
    <UnitTest name="UnitTests.Data.Repositories.GenericRepositoryTests.Repository_DeleteMissing_DoesNotThrow" storage="/home/runner/work/dnn.uservoice/dnn.uservoice/unittests/bin/release/unittests.dll" id="59704e7b-f8f7-ace3-2612-2279b1ecd6cb">
      <Execution id="df4dde66-4096-4729-8aca-a8c67ddd38ab" />
      <TestMethod codeBase="/home/runner/work/DNN.UserVoice/DNN.UserVoice/UnitTests/bin/Release/UnitTests.dll" adapterTypeName="executor://xunit/VsTestRunner3/netfx/" className="UnitTests.Data.Repositories.GenericRepositoryTests" name="Repository_DeleteMissing_DoesNotThrow" />
    </UnitTest>
    <UnitTest name="UnitTests.Data.Repositories.GenericRepositoryTests.Repository_Update_UsesUserId" storage="/home/runner/work/dnn.uservoice/dnn.uservoice/unittests/bin/release/unittests.dll" id="c89a5558-29d6-7160-12eb-04b76041b792">
      <Execution id="5026a9a9-18ac-49d8-81fd-0120049fd44c" />
      <TestMethod codeBase="/home/runner/work/DNN.UserVoice/DNN.UserVoice/UnitTests/bin/Release/UnitTests.dll" adapterTypeName="executor://xunit/VsTestRunner3/netfx/" className="UnitTests.Data.Repositories.GenericRepositoryTests" name="Repository_Update_UsesUserId" />
    </UnitTest>
    <UnitTest name="UnitTests.Controllers.ServiceRouteMapperTests.RegisterRoutes_RegistersAtLestOneRoute" storage="/home/runner/work/dnn.uservoice/dnn.uservoice/unittests/bin/release/unittests.dll" id="81cc43d9-8c80-da23-fbb4-6a3d2970824d">
      <Execution id="bace798a-883a-4829-87ac-b49868778a0c" />
      <TestMethod codeBase="/home/runner/work/DNN.UserVoice/DNN.UserVoice/UnitTests/bin/Release/UnitTests.dll" adapterTypeName="executor://xunit/VsTestRunner3/netfx/" className="UnitTests.Controllers.ServiceRouteMapperTests" name="RegisterRoutes_RegistersAtLestOneRoute" />
    </UnitTest>
    <UnitTest name="UnitTests.Data.Repositories.GenericRepositoryTests.GetPage_Pages(page: 1, pageSize: 10, expectedItems: 10, expectedPages: 5)" storage="/home/runner/work/dnn.uservoice/dnn.uservoice/unittests/bin/release/unittests.dll" id="74347e3e-a1d8-1a9b-e232-94cd87fba9da">
      <Execution id="d41eef52-e403-4a65-ada7-9b900fb9eea6" />
      <TestMethod codeBase="/home/runner/work/DNN.UserVoice/DNN.UserVoice/UnitTests/bin/Release/UnitTests.dll" adapterTypeName="executor://xunit/VsTestRunner3/netfx/" className="UnitTests.Data.Repositories.GenericRepositoryTests" name="GetPage_Pages" />
    </UnitTest>
    <UnitTest name="UnitTests.Providers.DateTimeProviderTests.DateTimeProvider_CanBeMocked" storage="/home/runner/work/dnn.uservoice/dnn.uservoice/unittests/bin/release/unittests.dll" id="b7610a9b-6030-af40-bb84-d88d1eb15547">
      <Execution id="cc1ba064-4ae9-4f78-a1ae-d3e86faf458a" />
      <TestMethod codeBase="/home/runner/work/DNN.UserVoice/DNN.UserVoice/UnitTests/bin/Release/UnitTests.dll" adapterTypeName="executor://xunit/VsTestRunner3/netfx/" className="UnitTests.Providers.DateTimeProviderTests" name="DateTimeProvider_CanBeMocked" />
    </UnitTest>
    <UnitTest name="UnitTests.Common.GlobalsTests.ModulePrefixIsValid" storage="/home/runner/work/dnn.uservoice/dnn.uservoice/unittests/bin/release/unittests.dll" id="4174a4fc-f050-0a80-62f5-57efd360262b">
      <Execution id="bd29586a-32bc-410b-9d8e-d49f176652d0" />
      <TestMethod codeBase="/home/runner/work/DNN.UserVoice/DNN.UserVoice/UnitTests/bin/Release/UnitTests.dll" adapterTypeName="executor://xunit/VsTestRunner3/netfx/" className="UnitTests.Common.GlobalsTests" name="ModulePrefixIsValid" />
    </UnitTest>
    <UnitTest name="UnitTests.Providers.DateTimeProviderTests.DateTimeProvider_ProvidesUtc" storage="/home/runner/work/dnn.uservoice/dnn.uservoice/unittests/bin/release/unittests.dll" id="38eae053-145d-f86c-9ed5-dae375692ec3">
      <Execution id="839c84a7-4831-41f3-8a6f-74dd66a6942e" />
      <TestMethod codeBase="/home/runner/work/DNN.UserVoice/DNN.UserVoice/UnitTests/bin/Release/UnitTests.dll" adapterTypeName="executor://xunit/VsTestRunner3/netfx/" className="UnitTests.Providers.DateTimeProviderTests" name="DateTimeProvider_ProvidesUtc" />
    </UnitTest>
    <UnitTest name="UnitTests.Controllers.ModuleApiControllerTests.CanEdit_DefaultsToFalse" storage="/home/runner/work/dnn.uservoice/dnn.uservoice/unittests/bin/release/unittests.dll" id="b2fa0e24-81e1-9083-2786-28263d3bbbcb">
      <Execution id="aa82f1f5-a36a-4645-9f69-5be8c338c269" />
      <TestMethod codeBase="/home/runner/work/DNN.UserVoice/DNN.UserVoice/UnitTests/bin/Release/UnitTests.dll" adapterTypeName="executor://xunit/VsTestRunner3/netfx/" className="UnitTests.Controllers.ModuleApiControllerTests" name="CanEdit_DefaultsToFalse" />
    </UnitTest>
    <UnitTest name="UnitTests.Data.Repositories.GenericRepositoryTests.GenericRepositoryGetsAll(iterations: 2)" storage="/home/runner/work/dnn.uservoice/dnn.uservoice/unittests/bin/release/unittests.dll" id="e334ac2e-a91d-9592-9a14-6e6af425e889">
      <Execution id="5f2eb603-373f-40e7-87ac-b0c7d58af3fc" />
      <TestMethod codeBase="/home/runner/work/DNN.UserVoice/DNN.UserVoice/UnitTests/bin/Release/UnitTests.dll" adapterTypeName="executor://xunit/VsTestRunner3/netfx/" className="UnitTests.Data.Repositories.GenericRepositoryTests" name="GenericRepositoryGetsAll" />
    </UnitTest>
    <UnitTest name="UnitTests.Data.Repositories.GenericRepositoryTests.GenericRepositoryUpdates" storage="/home/runner/work/dnn.uservoice/dnn.uservoice/unittests/bin/release/unittests.dll" id="a59558fc-da57-70d4-d51b-006c46a3cd4f">
      <Execution id="a50fff74-7a31-4b6d-b367-b33d559f9603" />
      <TestMethod codeBase="/home/runner/work/DNN.UserVoice/DNN.UserVoice/UnitTests/bin/Release/UnitTests.dll" adapterTypeName="executor://xunit/VsTestRunner3/netfx/" className="UnitTests.Data.Repositories.GenericRepositoryTests" name="GenericRepositoryUpdates" />
    </UnitTest>
    <UnitTest name="UnitTests.Data.Repositories.GenericRepositoryTests.Repository_Update_DefaultAudit" storage="/home/runner/work/dnn.uservoice/dnn.uservoice/unittests/bin/release/unittests.dll" id="3f6312dc-2331-e755-d68a-8de3088e798d">
      <Execution id="f839e5c5-0c52-4835-adf6-8b8f86f4f109" />
      <TestMethod codeBase="/home/runner/work/DNN.UserVoice/DNN.UserVoice/UnitTests/bin/Release/UnitTests.dll" adapterTypeName="executor://xunit/VsTestRunner3/netfx/" className="UnitTests.Data.Repositories.GenericRepositoryTests" name="Repository_Update_DefaultAudit" />
    </UnitTest>
    <UnitTest name="UnitTests.Data.Repositories.GenericRepositoryTests.GenericRepositoryGetsAll(iterations: 3)" storage="/home/runner/work/dnn.uservoice/dnn.uservoice/unittests/bin/release/unittests.dll" id="dee71b95-4301-2055-80fa-558f55d588b8">
      <Execution id="2b98a370-57d7-4273-a06d-7a0fccc26a45" />
      <TestMethod codeBase="/home/runner/work/DNN.UserVoice/DNN.UserVoice/UnitTests/bin/Release/UnitTests.dll" adapterTypeName="executor://xunit/VsTestRunner3/netfx/" className="UnitTests.Data.Repositories.GenericRepositoryTests" name="GenericRepositoryGetsAll" />
    </UnitTest>
    <UnitTest name="UnitTests.Data.Repositories.GenericRepositoryTests.GetPage_Pages(page: 3, pageSize: 20, expectedItems: 10, expectedPages: 3)" storage="/home/runner/work/dnn.uservoice/dnn.uservoice/unittests/bin/release/unittests.dll" id="527c432f-7b9f-89a4-0fdf-51a0955d2f53">
      <Execution id="b8b0faa5-eba7-4491-88c0-13522ece4d1e" />
      <TestMethod codeBase="/home/runner/work/DNN.UserVoice/DNN.UserVoice/UnitTests/bin/Release/UnitTests.dll" adapterTypeName="executor://xunit/VsTestRunner3/netfx/" className="UnitTests.Data.Repositories.GenericRepositoryTests" name="GetPage_Pages" />
    </UnitTest>
    <UnitTest name="UnitTests.Data.Repositories.GenericRepositoryTests.GenericRepositoryGetsAll(iterations: 1)" storage="/home/runner/work/dnn.uservoice/dnn.uservoice/unittests/bin/release/unittests.dll" id="20272210-340c-8b95-1194-eff3787f3e46">
      <Execution id="5abfe27d-a641-43e6-b47a-d1afa380fef5" />
      <TestMethod codeBase="/home/runner/work/DNN.UserVoice/DNN.UserVoice/UnitTests/bin/Release/UnitTests.dll" adapterTypeName="executor://xunit/VsTestRunner3/netfx/" className="UnitTests.Data.Repositories.GenericRepositoryTests" name="GenericRepositoryGetsAll" />
    </UnitTest>
  </TestDefinitions>
  <TestEntries>
    <TestEntry testId="c89a5558-29d6-7160-12eb-04b76041b792" executionId="5026a9a9-18ac-49d8-81fd-0120049fd44c" testListId="8c84fa94-04c1-424b-9868-57a2d4851a1d" />
    <TestEntry testId="c38d13c8-0943-0152-9d1f-27d7829b57da" executionId="be9a1fa6-044f-4728-b3b9-84025d6825ff" testListId="8c84fa94-04c1-424b-9868-57a2d4851a1d" />
    <TestEntry testId="53f95eb7-2fb5-a3ce-2c24-38ae34e88303" executionId="81f9bd2e-424d-491b-93d3-0c1955286ae5" testListId="8c84fa94-04c1-424b-9868-57a2d4851a1d" />
    <TestEntry testId="bd3351a7-b43b-1510-2d3f-11bb62aa88d7" executionId="c63f4f5a-0182-48e2-940b-4d3d831c1672" testListId="8c84fa94-04c1-424b-9868-57a2d4851a1d" />
    <TestEntry testId="a59558fc-da57-70d4-d51b-006c46a3cd4f" executionId="a50fff74-7a31-4b6d-b367-b33d559f9603" testListId="8c84fa94-04c1-424b-9868-57a2d4851a1d" />
    <TestEntry testId="e8de6daf-b2f9-f07b-7db1-d7750158f399" executionId="85efc697-8fd5-4c60-aebe-50783abb05f0" testListId="8c84fa94-04c1-424b-9868-57a2d4851a1d" />
    <TestEntry testId="38eae053-145d-f86c-9ed5-dae375692ec3" executionId="839c84a7-4831-41f3-8a6f-74dd66a6942e" testListId="8c84fa94-04c1-424b-9868-57a2d4851a1d" />
    <TestEntry testId="9836b323-2c87-fb96-c166-3e83946077c2" executionId="2e632497-4121-4350-80ef-37849a65e8d9" testListId="8c84fa94-04c1-424b-9868-57a2d4851a1d" />
    <TestEntry testId="20272210-340c-8b95-1194-eff3787f3e46" executionId="5abfe27d-a641-43e6-b47a-d1afa380fef5" testListId="8c84fa94-04c1-424b-9868-57a2d4851a1d" />
    <TestEntry testId="b75181a9-0ec4-2ff3-9e36-471de6d930df" executionId="c705cb8b-4df2-478e-a731-4b32d268f707" testListId="8c84fa94-04c1-424b-9868-57a2d4851a1d" />
    <TestEntry testId="81cc43d9-8c80-da23-fbb4-6a3d2970824d" executionId="bace798a-883a-4829-87ac-b49868778a0c" testListId="8c84fa94-04c1-424b-9868-57a2d4851a1d" />
    <TestEntry testId="b2fa0e24-81e1-9083-2786-28263d3bbbcb" executionId="aa82f1f5-a36a-4645-9f69-5be8c338c269" testListId="8c84fa94-04c1-424b-9868-57a2d4851a1d" />
    <TestEntry testId="27566079-9486-e3c1-6494-91ca9ae44d79" executionId="663c175d-b4e3-4a2e-b6df-3a8fc398b9a4" testListId="8c84fa94-04c1-424b-9868-57a2d4851a1d" />
    <TestEntry testId="051fc54f-7074-2910-0417-4c911d54f4b2" executionId="9d4fda6a-e7d5-4e6f-982d-9c5b6713416c" testListId="8c84fa94-04c1-424b-9868-57a2d4851a1d" />
    <TestEntry testId="fa343bff-97c2-1efc-efd2-918bb0a79a3b" executionId="a1ecf571-c605-4fbc-a4e1-6b865f46e6ac" testListId="8c84fa94-04c1-424b-9868-57a2d4851a1d" />
    <TestEntry testId="527c432f-7b9f-89a4-0fdf-51a0955d2f53" executionId="b8b0faa5-eba7-4491-88c0-13522ece4d1e" testListId="8c84fa94-04c1-424b-9868-57a2d4851a1d" />
    <TestEntry testId="f7bc6bd9-0c55-06bc-3749-64e5f6cece81" executionId="9583ec25-63e0-4ed4-a189-879762397fc3" testListId="8c84fa94-04c1-424b-9868-57a2d4851a1d" />
    <TestEntry testId="d527f5d7-05c2-a5da-93c5-f2bb4391f844" executionId="be07493b-006f-421b-b32d-bb6bb9d9dca9" testListId="8c84fa94-04c1-424b-9868-57a2d4851a1d" />
    <TestEntry testId="74347e3e-a1d8-1a9b-e232-94cd87fba9da" executionId="d41eef52-e403-4a65-ada7-9b900fb9eea6" testListId="8c84fa94-04c1-424b-9868-57a2d4851a1d" />
    <TestEntry testId="110cc41d-29a2-9279-99dc-f27a2281aada" executionId="d8185369-745f-4f78-a96a-5bb37933e066" testListId="8c84fa94-04c1-424b-9868-57a2d4851a1d" />
    <TestEntry testId="082ec871-5a59-802f-3256-844756fbe9b1" executionId="f764b9a6-963e-4444-87ae-6d9d5eb097f6" testListId="8c84fa94-04c1-424b-9868-57a2d4851a1d" />
    <TestEntry testId="d7aeee62-ca8d-2ca5-79b2-258e190e2d14" executionId="83c0a915-f019-48ad-ac68-d97711bac2d9" testListId="8c84fa94-04c1-424b-9868-57a2d4851a1d" />
    <TestEntry testId="78191585-3baa-784c-b6e5-3c7e13ea0966" executionId="f923671d-425a-4ffa-882f-6cb4c60e94fe" testListId="8c84fa94-04c1-424b-9868-57a2d4851a1d" />
    <TestEntry testId="e334ac2e-a91d-9592-9a14-6e6af425e889" executionId="5f2eb603-373f-40e7-87ac-b0c7d58af3fc" testListId="8c84fa94-04c1-424b-9868-57a2d4851a1d" />
    <TestEntry testId="dee71b95-4301-2055-80fa-558f55d588b8" executionId="2b98a370-57d7-4273-a06d-7a0fccc26a45" testListId="8c84fa94-04c1-424b-9868-57a2d4851a1d" />
    <TestEntry testId="59704e7b-f8f7-ace3-2612-2279b1ecd6cb" executionId="df4dde66-4096-4729-8aca-a8c67ddd38ab" testListId="8c84fa94-04c1-424b-9868-57a2d4851a1d" />
    <TestEntry testId="fb4d7e06-b0f6-3c4f-5b1a-c6c31cafa1f7" executionId="241256fc-0e8e-4ffe-bd1f-4a3c63695aa1" testListId="8c84fa94-04c1-424b-9868-57a2d4851a1d" />
    <TestEntry testId="b7610a9b-6030-af40-bb84-d88d1eb15547" executionId="cc1ba064-4ae9-4f78-a1ae-d3e86faf458a" testListId="8c84fa94-04c1-424b-9868-57a2d4851a1d" />
    <TestEntry testId="3f6312dc-2331-e755-d68a-8de3088e798d" executionId="f839e5c5-0c52-4835-adf6-8b8f86f4f109" testListId="8c84fa94-04c1-424b-9868-57a2d4851a1d" />
    <TestEntry testId="60e43152-7193-1c31-7a7d-2c2ca162fc43" executionId="e966eb8e-6886-4bad-b832-573dd5eca466" testListId="8c84fa94-04c1-424b-9868-57a2d4851a1d" />
    <TestEntry testId="4174a4fc-f050-0a80-62f5-57efd360262b" executionId="bd29586a-32bc-410b-9d8e-d49f176652d0" testListId="8c84fa94-04c1-424b-9868-57a2d4851a1d" />
  </TestEntries>
  <TestLists>
    <TestList name="Results Not in a List" id="8c84fa94-04c1-424b-9868-57a2d4851a1d" />
    <TestList name="All Loaded Results" id="19431567-8539-422a-85d7-44ee4e166bda" />
  </TestLists>
  <ResultSummary outcome="Completed">
    <Counters total="31" executed="31" passed="31" failed="0" error="0" timeout="0" aborted="0" inconclusive="0" passedButRunAborted="0" notRunnable="0" notExecuted="0" disconnected="0" warning="0" completed="0" inProgress="0" pending="0" />
    <Output>
      <StdOut>[xUnit.net 00:00:00.00] xUnit.net VSTest Adapter v3.1.5+1b188a7b0a (64-bit Mono 6.12.0.200 (tarball Tue Jul 11 21:37:50 UTC 2023))
[xUnit.net 00:00:00.55]   Discovering: UnitTests
[xUnit.net 00:00:00.84]   Discovered:  UnitTests
[xUnit.net 00:00:00.92]   Starting:    UnitTests
[xUnit.net 00:00:04.00]   Finished:    UnitTests
</StdOut>
    </Output>
  </ResultSummary>
</TestRun>